Oath, The	O/Oath. The	A-Games:O/Oath/Oath.Slave
Obliterator	O/Obliterator	A-Games:O/Obliterator/Obliterator.Slave
Oblivion	O/Oblivion	A-Games:O/Oblivion/Oblivion.Slave
Oktagon	O/Oktagon	A-Games:O/Oktagon/Oktagon.Slave
Onslaught	O/Onslaught	A-Games:O/Onslaught/Onslaught.slave
Ooops Up	O/Ooops Up	A-Games:O/OoopsUp/OoopsUp.Slave
Operation Firestorm	O/Operation Firestorm	A-Games:O/OperationFirestorm/OperationFirestorm.slave
Operation Thunderbolt	O/Operation Thunderbolt	A-Games:O/OperationThunderbolt/OperationThunderbolt.Slave
Operation Wolf	O/Operation Wolf	A-Games:O/OperationWolf/OperationWolf.Slave
Orbital Destroyer	O/Orbital Destroyer	A-Games:O/OrbitalDestroyer/OrbitalDestroyer.Slave
Oriental Games	O/Oriental Games	A-Games:O/OrientalGames/OrientalGames.Slave
Ork	O/Ork	A-Games:O/Ork/Ork.Slave
Ork Demo	O/Ork Demo	A-Games:O/OrkDemo/OrkDemo.Slave
Ork NTSC	O/Ork NTSC	A-Games:O/OrkNTSC/OrkNTSC.Slave
OsWALD of the Ice Floes NTSC	O/OsWALD of the Ice Floes NT	A-Games:O/OsWALDOfTheIceFloesNTSC/OsWALDOfTheIceFloesNTSC.Slave
Outlands	O/Outlands	A-Games:O/Outlands&DizzyDice/Outlands&DizzyDice.slave
Out Run	O/Out Run	A-Games:O/OutRun/OutRun.slave
Out Run NTSC	O/Out Run NTSC	A-Games:O/OutRunNTSC/OutRunNTSC.slave
Outzone	O/Outzone	A-Games:O/Outzone/Outzone.Slave
Overlander	O/Overlander	A-Games:O/Overlander/Overlander.Slave
Oxxonian	O/Oxxonian	A-Games:O/Oxxonian/Oxxonian.Slave