Mad Professor Mariarti
Magic Boy
Magician, The
Magic Lines
Magic Pockets
Magnatron
Manchester United
Man from the Council, The
Manic Miner
Manix
Masterblazer
Matrix Marauders
Mayday Squad
McDonald Land
Mean Machine
Mean Streets
Mega Twins
Menace
Mercenary I: Escape from Targ and the Second City
Mercenary III: The Dion Crisis
Mercs
Merv the Merciless
Metal Law
MF Tanks
Miami Chase
Mickey Mouse
Microbes
Micro Machines
MicroProse Soccer
Midnight Resistance
Midwinter
MIG-29 Soviet Fighter
Mighty Bombjack
Mike Read's Computer Pop Quiz
Monster Business
Moochies, The
Moonshine Racers
Morph
Mot
Motörhead
MouseQuest
Mousetrap
Monty Python's Flying Circus
M.U.D.S.
Munsters, The
Murder
Mysterious Worlds