Werner Flaschbier	W/Werner Flaschbier	A-Games:F/Flaschbier/Flaschbier.Slave
Werner Flaschbier NoIntro	W/Werner Flaschbier NoIntro	A-Games:F/FlaschbierNoIntro/FlaschbierNoIntro.Slave
Wacky Races	W/Wacky Races	A-Games:W/WackyRaces/WackyRaces.Slave
Wanderer 3D	W/Wanderer 3D	A-Games:W/Wanderer3D/Wanderer3D.Slave
Wanted	W/Wanted	A-Games:W/Wanted/Wanted.Slave
Warhead	W/Warhead	A-Games:W/Warhead/Warhead.Slave
Warlock: The Avenger	W/Warlock The Avenger	A-Games:W/WarlockTheAvenger/WarlockTheAvenger.Slave
Warp	W/Warp	A-Games:W/Warp/Warp.slave
War Zone	W/War Zone	A-Games:W/WarZoneCoreDesign/WarzoneCoreDesign.slave
War Zone	W/War Zone 	A-Games:W/WarZoneParadox/WarzoneParadox.Slave
Western Games	W/Western Games	A-Games:W/WesternGames/data/WesternGames.slave
Western Games	W/Western Games 	A-Games:W/WesternGames/WesternGames.Slave
Whirligig	W/Whirligig	A-Games:W/Whirligig/Whirligig.Slave
Wibble World Giddy: Wibble Mania!	W/Wibble World Giddy Wibble	A-Games:W/WibbleWorldGiddy/WibbleWorldGiddy.Slave
Wicked	W/Wicked	A-Games:W/Wicked/Wicked.Slave
Wild Streets	W/Wild Streets	A-Games:W/WildStreets/WildStreets.slave
Window Wizard Files	W/Window Wizard Files	A-Games:W/WindowWizardFiles/WindowWizardFiles.Slave
Window Wizard Image	W/Window Wizard Image	A-Games:W/WindowWizardImage/WindowWizardImage.Slave
Wings of Death	W/Wings of Death	A-Games:W/WingsOfDeath/WingsOfDeath.Slave
Winter Camp	W/Winter Camp	A-Games:W/WinterCamp/WinterCamp.Slave
Winter Supersports 92	W/Winter Supersports 92	A-Games:W/WinterSupersports92/WinterSupersports92.Slave
Wipe Out	W/Wipe Out	A-Games:W/WipeOut/WipeOut.slave
Wizball	W/Wizball	A-Games:W/Wizball/Wizball.Slave
Wolfchild	W/Wolfchild	A-Games:W/Wolfchild/Wolfchild.Slave
Wonderboy in Monsterland	W/Wonderboy in Monsterland	A-Games:W/WonderboyInMonsterland/WonderboyInMonsterland.Slave
Wonderboy in Monsterland	W/Wonderboy in Monsterland 	A-Games:W/WonderboyInMonsterlandSE/WonderboyInMonsterlandSE.Slave
World Championship Boxing Manager	W/World Championship Boxing	A-Games:W/WorldChampBoxingManager/WorldChampBoxingManager.Slave
World Class Rugby	W/World Class Rugby	A-Games:W/WorldClassRugby/WorldClassRugby.Slave
World Class Rugby: Five Nations Edition	W/World Class Rugby Five Nat	A-Games:W/WorldClassRugby5Nations/WorldClassRugby5Nations.Slave
World Class Rugby '95	W/World Class Rugby 95	A-Games:W/WorldClassRugby95/WorldClassRugby95.Slave
World Rugby	W/World Rugby	A-Games:W/WorldRugby/WorldRugby.Slave
World Soccer	W/World Soccer	A-Games:W/WorldSoccer/WorldSoccer.Slave
Worlds of Legend: Son of the Empire	W/Worlds of Legend Son of th	A-Games:W/WorldsOfLegend/WorldsOfLegend.slave
Wrath of the Demon	W/Wrath of the Demon	A-Games:W/WrathOfTheDemon/WrathOfTheDemon.Slave
Wreckers	W/Wreckers	A-Games:W/Wreckers/Wreckers.Slave
WWF WrestleMania	W/WWF WrestleMania	A-Games:W/WWFWrestleMania/WWFWrestlemania.slave