Federation Quest 1: BSS Jane Seymour
F1
F-16 Combat Pilot
F-19 Stealth Fighter
F1 Tornado
F29 Retaliator
F40 Pursuit Simulator
Fallen Angel
Fantasy World Dizzy
Fast Food!
Fast Food!
Fast Lane! The Spice Engineering Challenge
Fast Lane! The Spice Engineering Challenge
Federation of Free Traders
Fernandez Must Die
Fighting Soccer NTSC
Final Blow
Final Fight 512K
Fire and Brimstone
Fire and Ice
Fire and Ice Demo
Fire and Brimstone
Fireblaster
Firehawk
First Contact
Fist Fighter
Flimbo's Quest
Flintstones, The
Flip-it & Magnose: Water Carriers from Mars
Fly Fighter highs
Footballer of the Year 2
Forgotten Worlds
Foundation's Waste
Frankenstein
Freak Out
Frenetic
Frost Byte
Full Contact
Future Shock
Future Tank
Fuzzball Intro