P47 Thunderbolt
Pac-Land
Pac-Mania
Pandora
Pang
Pango
Paperboy
Paradise Lost
Paradroid 90 512KB
Paramax
Parasol Stars: The Story of Rainbow Islands II
Passing Shot
Pegasus
Penthouse Hot Numbers
Peter Beardsley's International Football
Peter Schmeichel Soccer
Phantom Fighter
Phobia
Photon Storm
Pick 'n Pile
Pink Panther
Pipe Dream
Pipeline
Pipeline
Pipe Mania
Pit-Fighter
Plague, The
Platoon
Player Manager
Plotting
Pod
Postman Pat
Power, The
PowerMonger
Powermonger WW1 Edition
Power Styx
P.P. Hammer
Predator
Predator 2
Prince
Prison
Pro Boxing Simulator
Project-X
Projectyle
Prophecy I: The Viking Child
Pro Powerboat Simulator
Pro Tennis Simulator Image
Pro Tennis Tour
Psyborg
Pub Trivia Simulator
Puffy's Saga
Puzznic
Pyramax