Academy
Action Fighter
Adrenalynn
Advanced Ski Simulator
Adventures of Quik & Silva, The
Adventures of Robin Hood, The
Afterburner
After Burner
After the War
Agony
Airball
Airborne Ranger
Alcatraz
Alchemy Demo
Alianator
Alien Bash
Alien Legion
Alien Storm
Alien World
Aliex
Alpha-1
Altered Beast
Amegas
American Gladiators
American Tag-Team Wrestling
Anarchy
Apache Flight
All Points Bulletin Image
Apidya
Apidya
Apprentice
Aquaventura
Arcade Fruit Machine
Arcade Trivia Quiz
Archer MacLean Presents: Billard Americain
Archer Maclean's Pool
Archipelagos
Arena
Arkanoid
Arkanoid: Revenge of Doh
Armageddon Man, The
Armalyte
Army Moves
Arnie
Artura
Astaroth
Astro Marine Corps
ATF II - Advanced Tactical Fighter II
Atomic Robo-Kid
Atomino
Atomix
Atom Smasher
Aunt Arctic Adventure
AWESOME
Axel's Magic Hammer
A Prehistoric Tale
A Question of Sport