1000cc Turbo	0-9/1000cc Turbo	A-Games:0-9/1000ccTurbo/1000ccTurbo.Slave
1000 Miglia	0-9/1000 Miglia	A-Games:0-9/1000Miglia/1000Miglia.Slave
1943: The Battle of Midway	0-9/1943 The Battle of Midway	A-Games:0-9/1943/1943.slave
3D Galax	0-9/3D Galax	A-Games:0-9/3DGalax/3DGalax.Slave
3D Pool	0-9/3D Pool	A-Games:0-9/3DPool/3DPool.Slave
3D Pool 3DPictures	0-9/3D Pool 3DPictures	A-Games:0-9/3DPool/3DPictures.Slave
3D World Boxing	0-9/3D World Boxing	A-Games:0-9/3DWorldBoxing/3DWorldBoxing.Slave
5th Gear	0-9/5th Gear	A-Games:0-9/5thGear/5thGear.Slave
7 Colors	0-9/7 Colors	A-Games:0-9/7Colors/7Colors.Slave
9 Lives	0-9/9 Lives	A-Games:0-9/9Lives/9Lives.Slave
Academy	A/Academy	A-Games:A/Academy/Academy.slave
Action Fighter	A/Action Fighter	A-Games:A/ActionFighter/ActionFighter.slave
Addams Family, The (Beta/Unreleased)	A/Addams Family. The BetaUnr	A-Beta:A/AddamsFamily/AddamsFamily.slave
Adrenalynn	A/Adrenalynn	A-Games:A/Adrenalynn/Adrenalynn.Slave
Adventures of Quik & Silva, The	A/Adventures of Quik Silva.	A-Games:A/AdventuresOfQuik&Silva/AdventuresOfQuik&Silva.Slave
Adventures of Robin Hood, The	A/Adventures of Robin Hood.	A-Games:A/AdventuresOfRobinHood/AdventuresOfRobinHood.slave
Afterburner	A/Afterburner	A-Games:A/AfterBurner/AfterBurner.Slave
Afterburner NTSC	A/Afterburner NTSC	A-Games:A/AfterBurnerNTSC/AfterBurnerNTSC.slave
After the War	A/After the War	A-Games:A/AfterTheWar/AfterTheWar.Slave
Agony	A/Agony	A-Games:A/Agony/Agony.slave
Agony Demo	A/Agony Demo	A-Games:A/AgonyDemo/AgonyDemo.slave
Agony NTSC	A/Agony NTSC	A-Games:A/AgonyNTSC/AgonyNTSC.slave
Airball	A/Airball	A-Games:A/Airball/Airball.slave
Airborne Ranger	A/Airborne Ranger	A-Games:A/AirborneRanger/AirborneRanger.Slave
Albedo FR	A/Albedo FR	A-Games:A/AlbedoFr/AlbedoFr.slave
Alcatraz	A/Alcatraz	A-Games:A/Alcatraz/Alcatraz.slave
Alchemy Demo	A/Alchemy Demo	A-Games:A/AlchemyDemo/AlchemyDemo.Slave
Alianator	A/Alianator	A-Games:A/Alianator/Alianator.Slave
Alien Bash	A/Alien Bash	A-Games:A/AlienBash/AlienBash.Slave
Alien Legion	A/Alien Legion	A-Games:A/AlienLegion/AlienLegion.Slave
Alien Storm	A/Alien Storm	A-Games:A/AlienStorm/AlienStorm.Slave
Alien World	A/Alien World	A-Games:A/AlienWorld/AlienWorld.Slave
Aliex	A/Aliex	A-Games:A/Aliex/Aliex.Slave
Alpha-1	A/Alpha-1	A-Games:A/Alpha1/Alpha1.Slave
Altered Beast	A/Altered Beast	A-Games:A/AlteredBeast/AlteredBeast.slave
Amegas	A/Amegas	A-Games:A/Amegas/Amegas.Slave
American Gladiators	A/American Gladiators	A-Games:A/AmericanGladiators/AmericanGladiators.slave
American Tag-Team Wrestling	A/American Tag-Team Wrestlin	A-Games:A/AmericanTagTeamWrestling/AmericanTagTeamWrestling.Slave
Anarchy	A/Anarchy	A-Games:A/Anarchy/Anarchy.Slave
Apache Flight	A/Apache Flight	A-Games:A/ApacheFlight/ApacheFlight.slave
APB	A/APB	A-Games:A/APB/APB.slave
Apidya	A/Apidya	A-Games:A/ApidyaAudios/ApidyaAudios.slave
Apidya	A/Apidya 	A-Games:A/ApidyaKaiko/ApidyaKaiko.slave
Apidya SE (Beta/Unreleased)	A/Apidya SE BetaUnreleased	A-Beta:A/ApidyaSpecialEdition/ApidyaSE.slave
Apple Hunt	A/Apple Hunt	A-Games:A/AppleHunt/AppleHunt.slave
Apprentice	A/Apprentice	A-Games:A/Apprentice/Apprentice.slave
Aquaventura	A/Aquaventura	A-Games:A/Aquaventura/Aquaventura.Slave
Aquaventura NTSC	A/Aquaventura NTSC	A-Games:A/AquaventuraNTSC/AquaventuraNTSC.Slave
Arcade Fruit Machine	A/Arcade Fruit Machine	A-Games:A/ArcadeFruitMachine/ArcadeFruitMachine.Slave
Arcade Trivia Quiz	A/Arcade Trivia Quiz	A-Games:A/ArcadeTriviaQuiz/ArcadeTriviaQuiz.slave
Archer MacLean Presents: Billard Americain	A/Archer MacLean Presents Bi	A-Games:A/ArcherMacLeansBillardAmcn/ArcherMacLeansBillardAmcn.Slave
Archer Maclean's Pool	A/Archer Macleans Pool	A-Games:A/ArcherMacLeansPool/ArcherMacLeansPool.Slave
Archipelagos	A/Archipelagos	A-Games:A/Archipelagos/Archipelagos.Slave
Archipelagos NTSC	A/Archipelagos NTSC	A-Games:A/ArchipelagosNTSC/ArchipelagosNTSC.Slave
UN Squadron (Beta/Unreleased)	U/UN Squadron BetaUnreleased	A-Beta:A/Area88/Area88.slave
Arena	A/Arena	A-Games:A/Arena/Arena.slave
Arkanoid	A/Arkanoid	A-Games:A/Arkanoid/Arkanoid.Slave
Arkanoid NTSC	A/Arkanoid NTSC	A-Games:A/ArkanoidNTSC/ArkanoidNTSC.Slave
Arkanoid: Revenge of Doh	A/Arkanoid Revenge of Doh	A-Games:A/ArkanoidRevengeOfDoh/ArkanoidRevengeOfDoh.slave
Armageddon Man, The	A/Armageddon Man. The	A-Games:A/ArmageddonMan/ArmageddonMan.Slave
Armalyte (Beta/Unreleased)	A/Armalyte BetaUnreleased	A-Beta:A/Armalyte/Armalyte.Slave
Armalyte	A/Armalyte	A-Games:A/Armalyte/Armalyte.Slave
Army Moves	A/Army Moves	A-Games:A/ArmyMoves/ArmyMoves.Slave
Arnie	A/Arnie	A-Games:A/Arnie/Arnie.slave
Artura	A/Artura	A-Games:A/Artura/Artura.Slave
Astaroth	A/Astaroth	A-Games:A/Astaroth/Astaroth.Slave
Astro Marine Corps	A/Astro Marine Corps	A-Games:A/AstroMarineCorps/AstroMarineCorps.Slave
ATF II - Advanced Tactical Fighter II	A/ATF II - Advanced Tactical	A-Games:A/ATF2/ATF2.Slave
Atlantyda PL	A/Atlantyda PL	A-Games:A/AtlantydaPl/AtlantydaPl.slave
Atomic Robo-Kid	A/Atomic Robo-Kid	A-Games:A/AtomicRoboKid/AtomicRoboKid.Slave
Atomino	A/Atomino	A-Games:A/Atomino/Atomino.slave
Atomino DE	A/Atomino DE	A-Games:A/AtominoDe/AtominoDe.slave
Atomino NTSC	A/Atomino NTSC	A-Games:A/AtominoNTSC/AtominoNTSC.slave
Atomix	A/Atomix	A-Games:A/Atomix/Atomix.Slave
Atom Smasher	A/Atom Smasher	A-Games:A/AtomSmasher/AtomSmasher.Slave
Aunt Arctic Adventure	A/Aunt Arctic Adventure	A-Games:A/AuntArcticAdventure/AuntArcticAdventure.Slave
AWESOME	A/AWESOME	A-Games:A/Awesome/Awesome.Slave
AWESOME Demo	A/AWESOME Demo	A-Games:A/AwesomeDemo/AwesomeDemo.Slave
Axel's Magic Hammer	A/Axels Magic Hammer	A-Games:A/AxelsMagicHammer/AxelsMagicHammer.Slave
Baal	B/Baal	A-Games:B/Baal/Baal.Slave
Baby Jo in 'Going Home'	B/Baby Jo in Going Home	A-Games:B/BabyJoInGoingHome/BabyJoInGoingHome.Slave
Backlash	B/Backlash	A-Games:B/Backlash/Backlash.Slave
Back to the Future Part II	B/Back to the Future Part II	A-Games:B/BackToTheFuturePart2/BackToTheFuturePart2.slave
Back to the Future Part III	B/Back to the Future Part V2	A-Games:B/BackToTheFuturePart3/BackToTheFuturePart3.Slave
Back to the Future Part III NTSC	B/Back to the Future Part V3	A-Games:B/BackToTheFuturePart3NTSC/BackToTheFuturePart3NTSC.Slave
Bad Company	B/Bad Company	A-Games:B/BadCompany/BadCompany.slave
BadLands	B/BadLands	A-Games:B/BadLands/Badlands.slave
Badlands Pete	B/Badlands Pete	A-Games:B/BadlandsPete/BadlandsPete.Slave
Ball Game, The	B/Ball Game. The	A-Games:B/BallGame/BallGame.Slave
Ballistix	B/Ballistix	A-Games:B/Ballistix/Ballistix.slave
Bangkok Knights	B/Bangkok Knights	A-Games:B/BangkokKnights/BangkokKnights.slave
Banzai	B/Banzai	A-Games:B/Banzai/Banzai.Slave
Barbarian II	B/Barbarian II	A-Games:B/Barbarian2Psygnosis/Barbarian2Psygnosis.Slave
Simpsons, The: Bart vs. the Space Mutants 1Disk	S/Simpsons. The Bart vs. the	A-Games:B/BartVsSpaceMutants1Disk/BartVsSpaceMutants1Disk.Slave
Simpsons, The: Bart vs. the Space Mutants 2Disk	S/Simpsons. The Bart vs.  V2	A-Games:B/BartVsSpaceMutants2Disk/BartVsSpaceMutants2Disk.Slave
Simpsons, The: Bart vs. the World	S/Simpsons. The Bart vs.  V3	A-Games:B/BartVsTheWorld/BartVsTheWorld.slave
B.A.T.	B/B.A.T.	A-Games:B/BAT/BAT.slave
B.A.T. DE	B/B.A.T. DE	A-Games:B/BATDe/BATDe.slave
B.A.T. FR	B/B.A.T. FR	A-Games:B/BATFr/BATFr.slave
B.A.T. IT	B/B.A.T. IT	A-Games:B/BATIt/BATIt.Slave
Batman: The Caped Crusader	B/Batman The Caped Crusader	A-Games:B/BatmanCapedCrusader/BatmanCapedCrusader.slave
Batman: The Movie 1Disk	B/Batman The Movie 1Disk	A-Games:B/BatmanTheMovie1Disk/BatmanTheMovie1Disk.Slave
Batman: The Movie 2Disk	B/Batman The Movie 2Disk	A-Games:B/BatmanTheMovie2Disk/BatmanTheMovie2Disk.Slave
Battle Bound	B/Battle Bound	A-Games:B/BattleBound/BattleBound.Slave
Battle Command	B/Battle Command	A-Games:B/BattleCommand/BattleCommand.slave
Battleships NTSC	B/Battleships NTSC	A-Games:B/BattleshipNTSC/BattleshipNTSC.slave
Battleships	B/Battleships	A-Games:B/Battleships/Battleships.slave
Battle Squadron	B/Battle Squadron	A-Games:B/BattleSquadron/BattleSquadron.slave
Battle Squadron Demo	B/Battle Squadron Demo	A-Games:B/BattleSquadronDemo/BattleSquadronDemo.Slave
Battle Squadron NTSC	B/Battle Squadron NTSC	A-Games:B/BattleSquadronNTSC/BattleSquadronNTSC.slave
Battle Valley	B/Battle Valley	A-Games:B/BattleValley/BattleValley.Slave
BC Kid	B/BC Kid	A-Games:B/BCKid/BCKid.Slave
Beach Volley	B/Beach Volley	A-Games:B/BeachVolley/BeachVolley.Slave
Beast Busters	B/Beast Busters	A-Games:B/BeastBusters/BeastBusters.slave
Beavers	B/Beavers	A-Games:B/Beavers/Beavers.Slave
Belial	B/Belial	A-Games:B/Belial/Belial.Slave
Betrayal	B/Betrayal	A-Games:B/Betrayal/Betrayal.Slave
Beverly Hills Cop	B/Beverly Hills Cop	A-Games:B/BeverlyHillsCop/BeverlyHillsCop.slave
Beyond the Ice Palace	B/Beyond the Ice Palace	A-Games:B/BeyondTheIcePalace/BeyondTheIcePalace.Slave
Big Nose the Caveman	B/Big Nose the Caveman	A-Games:B/BigNoseTheCaveman/BigNoseTheCaveman.Slave
Big Run	B/Big Run	A-Games:B/BigRun/BigRun.Slave
Bionic Commando	B/Bionic Commando	A-Games:B/BionicCommando/BionicCommando.Slave
Bionic Commando NTSC	B/Bionic Commando NTSC	A-Games:B/BionicCommandoNTSC/BionicCommandoNTSC.Slave
Biplane Duel	B/Biplane Duel	A-Games:B/BiplaneDuel/BiplaneDuel.Slave
Black Hornet	B/Black Hornet	A-Games:B/BlackHornet/BlackHornet.Slave
Black Lamp	B/Black Lamp	A-Games:B/BlackLamp/BlackLamp.slave
Blades of Steel	B/Blades of Steel	A-Games:B/BladesOfSteel/BladesOfSteel.Slave
Blade Warrior	B/Blade Warrior	A-Games:B/BladeWarrior/BladeWarrior.slave
Blasteroids	B/Blasteroids	A-Games:B/Blasteroids/Blasteroids.slave
Blazing Thunder	B/Blazing Thunder	A-Games:B/BlazingThunder/BlazingThunder.Slave
Blinky's Scary School	B/Blinkys Scary School	A-Games:B/BlinkysScarySchool/BlinkysScarySchool.Slave
Blood Money	B/Blood Money	A-Games:B/BloodMoney/BloodMoney.slave
Bloodwych	B/Bloodwych	A-Games:B/Bloodwych/Bloodwych.Slave
Bloodwych ExtendedLevels	B/Bloodwych ExtendedLevels	A-Games:B/Bloodwych&ExtendedLevels/Bloodwych.Slave
Bloodwych ExtendedLevels	B/Bloodwych ExtendedLevels 	A-Games:B/Bloodwych&ExtendedLevels/ExtendedLevels.Slave
Blue Angel 69	B/Blue Angel 69	A-Games:B/BlueAngel69/BlueAngel69.slave
Blues Brothers, The	B/Blues Brothers. The	A-Games:B/BluesBrothers/BluesBrothers.slave
BMX Simulator	B/BMX Simulator	A-Games:B/BMXSimulator/BMXSimulator.Slave
Bob's Garden	B/Bobs Garden	A-Games:B/BobsGarden/BobsGarden.Slave
Bomb Fusion	B/Bomb Fusion	A-Games:B/BombFusion/BombFusion.Slave
Bonanza Bros	B/Bonanza Bros	A-Games:B/BonanzaBros/BonanzaBros.slave
Borobodur: The Planet of Doom	B/Borobodur The Planet of Do	A-Games:B/Borobodur/Borobodur.Slave
Botics	B/Botics	A-Games:B/Botics/Botics.slave
Brainball	B/Brainball	A-Games:B/Brainball/Brainball.slave
Brain Blasters, The	B/Brain Blasters. The	A-Games:B/BrainBlasters/BrainBlasters.Slave
Brat	B/Brat	A-Games:B/Brat/Brat.slave
Brataccas NTSC	B/Brataccas NTSC	A-Games:B/BrataccasNTSC/BrataccasNTSC.Slave
Brides of Dracula	B/Brides of Dracula	A-Games:B/BridesOfDracula/BridesOfDracula.slave
Federation Quest 1: BSS Jane Seymour	F/Federation Quest 1 BSS Jan	A-Games:B/BSSJaneSeymour/BSSJaneSeymour.slave
Bubble Bobble	B/Bubble Bobble	A-Games:B/BubbleBobble/BubbleBobble.slave
Bubble Bobble NTSC	B/Bubble Bobble NTSC	A-Games:B/BubbleBobbleNTSC/BubbleBobbleNTSC.slave
Bubble Gun	B/Bubble Gun	A-Games:B/BubbleGun/BubbleGun.Slave
Buffalo Bill's Wild West Show	B/Buffalo Bills Wild West Sh	A-Games:B/BuffaloBillsWildWestShow/BuffaloBillsWildWestShow.Slave
Bug Bash	B/Bug Bash	A-Games:B/BugBash/BugBash.Slave
Buggy Boy	B/Buggy Boy	A-Games:B/BuggyBoy/BuggyBoy.Slave
Buggy Boy (Beta/Unreleased)	B/Buggy Boy BetaUnreleased	A-Beta:B/BuggyBoy/BuggyBoy.slave
Cabal	C/Cabal	A-Games:C/Cabal/Cabal.slave
Cabaret Asteroids	C/Cabaret Asteroids	A-Games:C/CabaretAsteroids/CabaretAsteroids.slave
Cabaret Asteroids	C/Cabaret Asteroids 	A-Games:C/CabaretAsteroidsRepacked/CabaretAsteroidsRepacked.slave
Cadaver: The Pay Off	C/Cadaver The Pay Off	A-Games:C/Cadaver&ThePayoff/Cadaver&ThePayoff.slave
Cadaver Demos	C/Cadaver Demos	A-Games:C/CadaverDemos/CadaverDemos.slave
Calephar Image	C/Calephar Image	A-Games:C/CalepharImage/CalepharImage.Slave
California Games II	C/California Games II	A-Games:C/CaliforniaGames2/CaliforniaGames2.slave
Captain Planet and the Planeteers	C/Captain Planet and the Pla	A-Games:C/CaptainPlanet/CaptainPlanet.slave
Captain Planet and the Planeteers	C/Captain Planet and the  V2	A-Games:C/CaptainPlanetA600Pack/CaptainPlanetA600Pack.Slave
Carcharodon: White Sharks	C/Carcharodon White Sharks	A-Games:C/Carcharodon/Carcharodon.slave
Cardiaxx	C/Cardiaxx	A-Games:C/CardiaxxElectronicZoo/CardiaxxElectronicZoo.Slave
Cardiaxx	C/Cardiaxx 	A-Games:C/CardiaxxTeam17/CardiaxxTeam17.Slave
Carl Lewis Challenge, The	C/Carl Lewis Challenge. The	A-Games:C/CarlLewisChallenge/CarlLewisChallenge.slave
Carrier Command	C/Carrier Command	A-Games:C/CarrierCommand/CarrierCommand.slave
The Cartoons	T/The Cartoons	A-Games:C/Cartoons/Cartoons.slave
Car-Vup	C/Car-Vup	A-Games:C/CarVup/CarVup.Slave
Castle Kingdoms	C/Castle Kingdoms	A-Games:C/CastleKingdoms/CastleKingdoms.Slave
Castle Master	C/Castle Master	A-Games:C/CastleMaster/CastleMaster.Slave
Catch 'Em	C/Catch Em	A-Games:C/CatchEm/CatchEm.slave
Cavemania	C/Cavemania	A-Games:C/CaveMania/Cavemania.slave
Cave Runner	C/Cave Runner	A-Games:C/CaveRunner/CaveRunner.slave
Celtic Legends	C/Celtic Legends	A-Games:C/CelticLegends/CelticLegends.slave
Chambers of Shaolin	C/Chambers of Shaolin	A-Games:C/ChambersOfShaolin/ChambersOfShaolin.Slave
Champion Driver	C/Champion Driver	A-Games:C/ChampionDriver/ChampionDriver.Slave
Vector Championship Run	V/Vector Championship Run	A-Games:C/ChampionshipRun/ChampionshipRun.Slave
Charlie J. Cool	C/Charlie J. Cool	A-Games:C/CharlieJCool/CharlieJCool.slave
Charon 5	C/Charon 5	A-Games:C/Charon5/Charon5.Slave
Chase HQ	C/Chase HQ	A-Games:C/ChaseHQ/ChaseHQ.Slave
Chase HQ II: Special Criminal Investigation	C/Chase HQ II Special Crimin	A-Games:C/ChaseHQ2/ChaseHQ2.slave
Chip's Challenge	C/Chips Challenge	A-Games:C/ChipsChallenge/ChipsChallenge.Slave
Chip's Challenge NTSC	C/Chips Challenge NTSC	A-Games:C/ChipsChallengeNTSC/ChipsChallengeNTSC.Slave
Chrome	C/Chrome	A-Games:C/Chrome/Chrome.Slave
Chubby Gristle	C/Chubby Gristle	A-Games:C/ChubbyGristle/ChubbyGristle.Slave
Chuckie Egg	C/Chuckie Egg	A-Games:C/ChuckieEgg/ChuckieEgg.Slave
Chuckie Egg II	C/Chuckie Egg II	A-Games:C/ChuckieEgg2/ChuckieEgg2.Slave
Chuck Rock	C/Chuck Rock	A-Games:C/ChuckRock/ChuckRock.Slave
Chuck Yeager's Advanced Flight Trainer 2.0	C/Chuck Yeagers Advanced Fli	A-Games:C/ChuckYeagersAFT2/ChuckYeagersAFT2.Slave
Circus Attractions	C/Circus Attractions	A-Games:C/CircusAttractions/CircusAttractions.Slave
Circus Games	C/Circus Games	A-Games:C/CircusGames/CircusGames.Slave
Cisco Heat	C/Cisco Heat	A-Games:C/CiscoHeat/CiscoHeat.Slave
CJ in the USA	C/CJ in the USA	A-Games:C/CJInTheUSA/CJInTheUSA.Slave
CJ's Elephant Antics	C/CJs Elephant Antics	A-Games:C/CJsElephantAntics/CJsElephantAntics.Slave
Clik Clak	C/Clik Clak	A-Games:C/ClikClak/ClikClak.Slave
Cloud Kingdoms	C/Cloud Kingdoms	A-Games:C/CloudKingdoms/CloudKingdoms.slave
Clown-O-Mania	C/Clown-O-Mania	A-Games:C/ClownOMania/ClownOMania.slave
Cobra (Beta/Unreleased)	C/Cobra BetaUnreleased	A-Beta:C/Cobra/Cobra.slave
Color Buster	C/Color Buster	A-Games:C/ColorBuster/ColorBuster.slave
Commando	C/Commando	A-Games:C/Commando/Commando.slave
Conqueror	C/Conqueror	A-Games:C/Conqueror/Conqueror.Slave
Continental Circus	C/Continental Circus	A-Games:C/ContinentalCircus/ContinentalCircus.Slave
Corporation Missions 2Disk	C/Corporation Missions 2Disk	A-Games:C/Corporation&Missions2Disk/Corporation&Missions2Disk.Slave
Corporation Missions 3Disk	C/Corporation Missions 3Disk	A-Games:C/Corporation&Missions3Disk/Corporation&Missions3Disk.Slave
Corporation 1Disk	C/Corporation 1Disk	A-Games:C/Corporation1Disk/Corporation1Disk.Slave
Corporation 2Disk	C/Corporation 2Disk	A-Games:C/Corporation2Disk/Corporation2Disk.Slave
Corx	C/Corx	A-Games:C/Corx/Corx.Slave
Cosmic Pirate	C/Cosmic Pirate	A-Games:C/CosmicPirate/CosmicPirate.Slave
Cosmic Relief: Prof. Renegade to the Rescue NTSC	C/Cosmic Relief Prof. Renega	A-Games:C/CosmicReliefNTSC/CosmicReliefNTSC.Slave
Cosmo Ranger: SOL AD 2000	C/Cosmo Ranger SOL AD 2000	A-Games:C/CosmoRanger/CosmoRanger.Slave
Cosmo Ranger: SOL AD 2000 NTSC	C/Cosmo Ranger SOL AD 2000 N	A-Games:C/CosmoRangerNTSC/CosmoRangerNTSC.slave
Count Duckula	C/Count Duckula	A-Games:C/CountDuckula/CountDuckula.slave
Cover Girl Strip Poker	C/Cover Girl Strip Poker	A-Games:C/CoverGirlStripPoker/CoverGirlStripPoker.slave
Crack Down	C/Crack Down	A-Games:C/Crackdown/Crackdown.slave
Crazy Cars II	C/Crazy Cars II	A-Games:C/CrazyCars2/CrazyCars2.slave
Crazy Seasons	C/Crazy Seasons	A-Games:C/CrazySeasons/CrazySeasons.Slave
Crazy Sue	C/Crazy Sue	A-Games:C/CrazySue/CrazySue.Slave
Crazy Sue ...Goes On	C/Crazy Sue ...Goes On	A-Games:C/CrazySueGoesOn/CrazySueGoesOn.Slave
Creatures	C/Creatures	A-Games:C/Creatures/Creatures.Slave
Crime Wave	C/Crime Wave	A-Games:C/CrimeWave/CrimeWave.slave
Crossbow: The Legend of William Tell	C/Crossbow The Legend of Wil	A-Games:C/CrossbowLegendWilliamTell/CrossbowLegendWilliamTell.Slave
Crystal Hammer	C/Crystal Hammer	A-Games:C/CrystalHammerV1/CrystalHammerV1.slave
Crystal Hammer	C/Crystal Hammer 	A-Games:C/CrystalHammerV2/CrystalHammerV2.slave
Crystal Kingdom Dizzy	C/Crystal Kingdom Dizzy	A-Games:C/CrystalKingdomDizzy/CrystalKingdomDizzy.Slave
Crystal Palace	C/Crystal Palace	A-Games:C/CrystalPalace/CrystalPalace.slave
Custodian	C/Custodian	A-Games:C/Custodian/Custodian.Slave
Cyber Assault	C/Cyber Assault	A-Games:C/CyberAssault/CyberAssault.Slave
Cyberball	C/Cyberball	A-Games:C/Cyberball/Cyberball.slave
Cybernetix	C/Cybernetix	A-Games:C/Cybernetix/Cybernetix.Slave
Cybernoid: The Fighting Machine	C/Cybernoid The Fighting Mac	A-Games:C/Cybernoid/Cybernoid.Slave
Cybernoid II: The Revenge	C/Cybernoid II The Revenge	A-Games:C/Cybernoid2/Cybernoid2.Slave
Cyber World	C/Cyber World	A-Games:C/CyberWorld/CyberWorld.Slave
Cyberzerk	C/Cyberzerk	A-Games:C/Cyberzerk/Cyberzerk.slave
Daley Thompson's Olympic Challenge 1Disk	D/Daley Thompsons Olympic Ch	A-Games:D/DaleyThompsonsOC1Disk/DaleyThompsonsOC1Disk.Slave
Daley Thompson's Olympic Challenge 2Disk	D/Daley Thompsons Olympic V2	A-Games:D/DaleyThompsonsOC2Disk/DaleyThompsonsOC2Disk.Slave
Damocles - Mercenary II	D/Damocles - Mercenary II	A-Games:D/Damocles/Damocles.slave
Damocles - Mercenary II NTSC	D/Damocles - Mercenary II NT	A-Games:D/DamoclesNTSC/DamoclesNTSC.slave
Dan Dare III: The Escape	D/Dan Dare III The Escape	A-Games:D/DanDare3/DanDare3.Slave
Danger Freak	D/Danger Freak	A-Games:D/DangerFreak/DangerFreak.slave
Danger Freak	D/Danger Freak 	A-Games:D/DangerFreak/DangerFreak.slave
Dark Fusion	D/Dark Fusion	A-Games:D/DarkFusion/DarkFusion.Slave
Darkman	D/Darkman	A-Games:D/Darkman/Darkman.slave
DarkSpyre	D/DarkSpyre	A-Games:D/DarkSpyre/DarkSpyre.Slave
Datastorm	D/Datastorm	A-Games:D/Datastorm/Datastorm.Slave
Days of Thunder	D/Days of Thunder	A-Games:D/DaysOfThunder/DaysOfThunder.Slave
Death Trap	D/Death Trap	A-Games:D/DeathTrap/DeathTrap.Slave
Deep, The	D/Deep. The	A-Games:D/Deep/Deep.Slave
Deep Space	D/Deep Space	A-Games:D/DeepSpace/DeepSpace.slave
Defender II	D/Defender II	A-Games:D/Defender2/Defender2.Slave
Defenders of the Earth	D/Defenders of the Earth	A-Games:D/DefendersOfTheEarth/DefendersOfTheEarth.slave
Deflektor	D/Deflektor	A-Games:D/Deflektor/Deflektor.slave
Demon Blue	D/Demon Blue	A-Games:D/DemonBlue/DemonBlue.slave
Denaris 1Disk	D/Denaris 1Disk	A-Games:D/Denaris1Disk/Denaris1Disk.Slave
Denaris 2Disk	D/Denaris 2Disk	A-Games:D/Denaris2Disk/Denaris2Disk.Slave
Devious Designs	D/Devious Designs	A-Games:D/DeviousDesigns/DeviousDesigns.Slave
Dick Tracy	D/Dick Tracy	A-Games:D/DickTracy/DickTracy.Slave
Die Hard 2: Die Harder	D/Die Hard 2 Die Harder	A-Games:D/DieHard2/DieHard2.Slave
Digger	D/Digger	A-Games:D/Digger/Digger.Slave
Dimo's Quest	D/Dimos Quest	A-Games:D/DimosQuest/DimosQuest.slave
Dinosaur Detective Agency	D/Dinosaur Detective Agency	A-Games:D/DinosaurDetectiveAgency/DinosaurDetectiveAgency.Slave
Dino Wars	D/Dino Wars	A-Games:D/DinoWars/DinoWars.slave
Dino Wars DE	D/Dino Wars DE	A-Games:D/DinoWarsDe/DinoWarsDe.Slave
Disc	D/Disc	A-Games:D/Disc/Disc.Slave
Discovery: In The Steps of Columbus	D/Discovery In The Steps of	A-Games:D/Discovery/Discovery.Slave
Ditris	D/Ditris	A-Games:D/Ditris/Ditris.Slave
Dizzy Collection Disk1	D/Dizzy Collection Disk1	A-Games:D/DizzyCollection/Disk1.Slave
Dizzy Collection Disk2	D/Dizzy Collection Disk2	A-Games:D/DizzyCollection/Disk2.Slave
Dizzy Dice	D/Dizzy Dice	A-Games:D/DizzyDice/DizzyDice.Slave
Dizzy Panic	D/Dizzy Panic	A-Games:D/DizzyPanic/DizzyPanic.slave
Dizzy: Prince of the Yolkfolk	D/Dizzy Prince of the Yolkfo	A-Games:D/DizzyPrinceOfTheYolkfolk/DizzyPrinceOfTheYolkfolk.slave
Dizzy's Excellent Adventures Disk1	D/Dizzys Excellent Adventure	A-Games:D/DizzysExcellentAdventures/Disk1.Slave
Dizzy's Excellent Adventures Disk2	D/Dizzys Excellent Advent V2	A-Games:D/DizzysExcellentAdventures/Disk2.Slave
Dogs of War	D/Dogs of War	A-Games:D/DogsOfWar/DogsOfWar.Slave
Dominator	D/Dominator	A-Games:D/Dominator/Dominator.slave
Donkey Kong	D/Donkey Kong	A-Games:D/DonkeyKong/DonkeyKong.slave
Doodlebug: Bug-Bash 2	D/Doodlebug Bug-Bash 2	A-Games:D/Doodlebug/Doodlebug.Slave
Doofus	D/Doofus	A-Games:D/Doofus/Doofus.Slave
Double Dragon	D/Double Dragon	A-Games:D/DoubleDragon/DoubleDragon.Slave
Double Dragon II: The Revenge	D/Double Dragon II The Reven	A-Games:D/DoubleDragon2/DoubleDragon2.Slave
Double Dragon II: The Revenge NTSC	D/Double Dragon II The Re V2	A-Games:D/DoubleDragon2NTSC/DoubleDragon2NTSC.Slave
Double Dragon 3: The Rosetta Stone	D/Double Dragon 3 The Rosett	A-Games:D/DoubleDragon3/DoubleDragon3.slave
Double Dribble	D/Double Dribble	A-Games:D/DoubleDribble/DoubleDribble.slave
Dragonflight	D/Dragonflight	A-Games:D/Dragonflight/Dragonflight.Slave
Dragonflight DE	D/Dragonflight DE	A-Games:D/DragonflightDe/DragonflightDe.Slave
Dragonflight FR	D/Dragonflight FR	A-Games:D/DragonflightFr/DragonflightFr.Slave
DragonScape	D/DragonScape	A-Games:D/DragonScape/DragonScape.slave
Dragon's Kingdom Demo	D/Dragons Kingdom Demo	A-Games:D/DragonsKingdomDemo/DragonsKingdomDemo.Slave
Dragon's Lair II: Time Warp	D/Dragons Lair II Time Warp	A-Games:D/DragonsLair2/DragonsLair2.Slave
Dragon's Lair III: The Curse of Mordread	D/Dragons Lair III The Curse	A-Games:D/DragonsLair3/DragonsLair3.Slave
Dragon Tiles	D/Dragon Tiles	A-Games:D/DragonTiles/DragonTiles.Slave
Drivin' Force	D/Drivin Force	A-Games:D/DrivinForce/DrivinForce.Slave
Dr. Mario	D/Dr. Mario	A-Games:D/DrMario/DrMario.slave
Dux	D/Dux	A-Games:D/Dux/Dux.Slave
Dyna Blaster	D/Dyna Blaster	A-Games:D/DynaBlaster/DynaBlaster.slave
Dynamite Düx	D/Dynamite Dux	A-Games:D/DynamiteDux/DynamiteDux.slave
Dynasty Wars	D/Dynasty Wars	A-Games:D/DynastyWars/DynastyWars.slave
Dyter-07	D/Dyter-07	A-Games:D/Dyter07/Dyter07.slave
Eagle's Rider	E/Eagles Rider	A-Games:E/EaglesRider/EaglesRider.slave
Eco	E/Eco	A-Games:E/Eco/Eco.Slave
Edd the Duck!	E/Edd the Duck	A-Games:E/EddTheDuck/EddTheDuck.Slave
Edd The Duck 2: Back with a Quack!	E/Edd The Duck 2 Back with a	A-Games:E/EddTheDuck2/EddTheDuck2.Slave
Electronic Pool	E/Electronic Pool	A-Games:E/ElectronicPool/ElectronicPool.slave
Elf	E/Elf	A-Games:E/ElfMicroValue/ElfMicroValue.Slave
Elf	E/Elf 	A-Games:E/ElfOcean/ElfOcean.slave
Elf NTSC	E/Elf NTSC	A-Games:E/ElfOceanNTSC/ElfOceanNTSC.Slave
Eliminator	E/Eliminator	A-Games:E/Eliminator/Eliminator.Slave
Elite	E/Elite	A-Games:E/Elite/Elite.slave
Emlyn Hughes International Soccer	E/Emlyn Hughes International	A-Games:E/EmlynHughesIntlSoccer/EmlynHughesIntlSoccer.slave
E-Motion	E/E-Motion	A-Games:E/EMotion/EMotion.Slave
Star Wars: The Empire Strikes Back	S/Star Wars The Empire Strik	A-Games:E/EmpireStrikesBack/EmpireStrikesBack.Slave
Enchanted Land	E/Enchanted Land	A-Games:E/EnchantedLand/EnchantedLand.Slave
Encounter	E/Encounter	A-Games:E/Encounter/Encounter.slave
England Championship Special	E/England Championship Speci	A-Games:E/EnglandChampSpecial/EnglandChampSpecial.Slave
Entity Intro	E/Entity Intro	A-Games:E/Entity/Intro.slave
Entity	E/Entity	A-Games:E/Entity/Entity.slave
Entity NoIntro	E/Entity NoIntro	A-Games:E/EntityNoIntro/EntityNoIntro.slave
Erik	E/Erik	A-Games:E/Erik/Erik.Slave
Escape from Colditz	E/Escape from Colditz	A-Games:E/EscapeFromColditz/EscapeFromColditz.Slave
Escape from the Planet of the Robot Monsters	E/Escape from the Planet of	A-Games:E/EscapeFTPOTRobotMonsters/EscapeFTPOTRobotMonsters.slave
Eskimo Games	E/Eskimo Games	A-Games:E/EskimoGames/EskimoGames.Slave
ESWAT: Cyber Police Files	E/ESWAT Cyber Police Files	A-Games:E/ESWATFiles/ESWATFiles.Slave
ESWAT: Cyber Police Image	E/ESWAT Cyber Police Image	A-Games:E/ESWATImage/ESWATImage.Slave
E.T.'s Rugby League	E/E.T.s Rugby League	A-Games:E/ETsRugbyLeague/ETsRugbyLeague.Slave
European Football Champ	E/European Football Champ	A-Games:E/EuropeanFootballChamp/EuropeanFootballChamp.Slave
Executioner, The	E/Executioner. The	A-Games:E/Executioner/Executioner.Slave
Exile	E/Exile	A-Games:E/Exile/Exile.slave
Exolon	E/Exolon	A-Games:E/Exolon/Exolon.Slave
Extase	E/Extase	A-Games:E/Extase/Extase.Slave
Exterminator	E/Exterminator	A-Games:E/Exterminator/Exterminator.slave
Eye	E/Eye	A-Games:E/Eye/Eye.Slave
Eye of Horus, The	E/Eye of Horus. The	A-Games:E/EyeOfHorus/EyeOfHorus.Slave
F1	F/F1	A-Games:F/F1/F1.slave
F-16 Combat Pilot	F/F-16 Combat Pilot	A-Games:F/F16CombatPilot/F16CombatPilot.slave
F-19 Stealth Fighter	F/F-19 Stealth Fighter	A-Games:F/F19StealthFighter/F19StealthFighter.slave
F-19 Stealth Fighter NTSC	F/F-19 Stealth Fighter NTSC	A-Games:F/F19StealthFighterNTSC/F19StealthFighterNTSC.slave
F1 Tornado	F/F1 Tornado	A-Games:F/F1Tornado/F1Tornado.Slave
F29 Retaliator	F/F29 Retaliator	A-Games:F/F29Retaliator/F29Retaliator.Slave
F40 Pursuit Simulator NTSC	F/F40 Pursuit Simulator NTSC	A-Games:F/F40PursuitSimulatorNTSC/F40PursuitSimulatorNTSC.slave
Fallen Angel	F/Fallen Angel	A-Games:F/FallenAngel/FallenAngel.Slave
Fantasy World Dizzy	F/Fantasy World Dizzy	A-Games:F/FantasyWorldDizzy/FantasyWorldDizzy.Slave
Fast Brain PL	F/Fast Brain PL	A-Games:F/FastBrainPl/FastBrainPl.slave
Fast Food!	F/Fast Food	A-Games:F/FastFood/FastFood.Slave
Fast Food!	F/Fast Food 	A-Games:F/FastFoodDizzyCollection/FastFoodDizzyCollection.Slave
Fast Lane! The Spice Engineering Challenge	F/Fast Lane The Spice Engine	A-Games:F/FastLane/FastLane.Slave
Federation of Free Traders	F/Federation of Free Traders	A-Games:F/FederationOfFreeTraders/FederationOfFreeTraders.slave
Fernandez Must Die	F/Fernandez Must Die	A-Games:F/FernandezMustDie/FernandezMustDie.Slave
Fighting Soccer NTSC	F/Fighting Soccer NTSC	A-Games:F/FightingSoccerNTSC/FightingSoccerNTSC.slave
Final Blow	F/Final Blow	A-Games:F/FinalBlow/FinalBlow.Slave
Final Fight 512K	F/Final Fight 512K	A-Games:F/FinalFight512k/FinalFight512k.slave
Fire and Ice Demo	F/Fire and Ice Demo	A-Games:F/Fire&IceXmasDemo/Fire&IceXmasDemo.Slave
Fire and Brimstone	F/Fire and Brimstone	A-Games:F/FireAndBrimstone/FireAndBrimstone.Slave
Fire and Ice	F/Fire and Ice	A-Games:F/FireAndIce/FireAndIce.slave
Fireblaster	F/Fireblaster	A-Games:F/Fireblaster/Fireblaster.Slave
Firehawk	F/Firehawk	A-Games:F/Firehawk/FireHawk.Slave
First Contact	F/First Contact	A-Games:F/FirstContact/FirstContact.Slave
Fist Fighter	F/Fist Fighter	A-Games:F/FistFighter/FistFighter.slave
Werner Flaschbier	W/Werner Flaschbier	A-Games:F/Flaschbier/Flaschbier.Slave
Werner Flaschbier NoIntro	W/Werner Flaschbier NoIntro	A-Games:F/FlaschbierNoIntro/FlaschbierNoIntro.Slave
Flimbo's Quest	F/Flimbos Quest	A-Games:F/FlimbosQuest/FlimbosQuest.slave
Flintstones, The	F/Flintstones. The	A-Games:F/Flintstones/Flintstones.Slave
Flip-it & Magnose: Water Carriers from Mars	F/Flip-it Magnose Water Carr	A-Games:F/Flipit&Magnose/Flipit&Magnose.slave
Escape from Colditz DE	E/Escape from Colditz DE	A-Games:F/FluchtAusColditzDe/FluchtAusColditzDe.Slave
Fly Fighter	F/Fly Fighter	A-Games:F/FlyFighter/FlyFighter.Slave
Fly Fighter highs	F/Fly Fighter highs	A-Games:F/FlyFighter/highs
Footballer of the Year 2	F/Footballer of the Year 2	A-Games:F/FootballerOfTheYear2/FootballerOfTheYear2.slave
Forgotten Worlds	F/Forgotten Worlds	A-Games:F/ForgottenWorlds/ForgottenWorlds.Slave
Foundation's Waste	F/Foundations Waste	A-Games:F/FoundationsWaste/FoundationsWaste.Slave
The Four Crystals of Trazere getlegendsavedisk NTSC	T/The Four Crystals of Traze	A-Games:F/FourCrystalsOfTrazereNTSC/getlegendsavedisk.slave
The Four Crystals of Trazere NTSC	T/The Four Crystals of Tr V2	A-Games:F/FourCrystalsOfTrazereNTSC/FourCrystalsOfTrazereNTSC.Slave
Franco Baresi World Cup Kick Off IT	F/Franco Baresi World Cup Ki	A-Games:F/FrancoBaresiWorldCupIt/FrancoBaresiWorldCupIt.Slave
Frankenstein	F/Frankenstein	A-Games:F/Frankenstein/Frankenstein.slave
Frantic Freddie	F/Frantic Freddie	A-Games:F/FranticFreddie/FranticFreddie.slave
Freak Out	F/Freak Out	A-Games:F/FreakOut/FreakOut.slave
Frenetic	F/Frenetic	A-Games:F/Frenetic/Frenetic.Slave
Fright Night 512K	F/Fright Night 512K	A-Games:F/FrightNight512k/FrightNight512k.Slave
Frost Byte	F/Frost Byte	A-Games:F/FrostByte/FrostByte.Slave
Full Contact	F/Full Contact	A-Games:F/FullContact/FullContact.slave
Full Contact	F/Full Contact 	A-Games:F/FullContactPR/FullContactPR.slave
Future Shock	F/Future Shock	A-Games:F/FutureShock/FutureShock.slave
Future Tank	F/Future Tank	A-Games:F/FutureTank/FutureTank.slave
Fuzzball Intro	F/Fuzzball Intro	A-Games:F/Fuzzball/Intro.Slave
Fuzzball	F/Fuzzball	A-Games:F/Fuzzball/Fuzzball.Slave
Fuzzball NoIntro	F/Fuzzball NoIntro	A-Games:F/FuzzballNoIntro/FuzzballNoIntro.Slave
Gadget: Lost in Time	G/Gadget Lost in Time	A-Games:G/GadgetLostInTime/GadgetLostInTime.slave
Gainforce	G/Gainforce	A-Games:G/Gainforce/Gainforce.Slave
Galactic: The Xmas Edition 1MB	G/Galactic The Xmas Edition	A-Games:G/GalacticTheXmasEdition1MB/GalacticTheXmasEdition1MB.Slave
Galactic: The Xmas Edition 2MB	G/Galactic The Xmas Edition 	A-Games:G/GalacticTheXmasEdition2MB/GalacticTheXmasEdition2MB.Slave
Galactic Warrior Rats	G/Galactic Warrior Rats	A-Games:G/GalacticWarriorRats/GalacticWarriorRats.slave
Galaga '92	G/Galaga 92	A-Games:G/Galaga92/Galaga92.Slave
Galaxy '89	G/Galaxy 89	A-Games:G/Galaxy89/Galaxy89.slave
Galaxy Blast	G/Galaxy Blast	A-Games:G/GalaxyBlast/GalaxyBlast.Slave
Galaxy Force II	G/Galaxy Force II	A-Games:G/GalaxyForce2/GalaxyForce2.slave
Game of Harmony, The NTSC	G/Game of Harmony. The NTSC	A-Games:G/GameOfHarmonyNTSC/GameOfHarmonyNTSC.Slave
The Games: Summer Edition	T/The Games Summer Edition	A-Games:G/GamesSummerEdition/GamesSummerEdition.Slave
Ganymed	G/Ganymed	A-Games:G/Ganymed/Ganymed.slave
Garfield: Winter's Tail	G/Garfield Winters Tail	A-Games:G/GarfieldAWintersTail/GarfieldAWintersTail.Slave
Gary Lineker's Hot Shot	G/Gary Linekers Hot Shot	A-Games:G/GaryLinekersHotShot/GaryLinekersHotShot.Slave
Gauntlet II	G/Gauntlet II	A-Games:G/Gauntlet2/Gauntlet2.Slave
Gauntlet III: The Final Quest	G/Gauntlet III The Final Que	A-Games:G/Gauntlet3/Gauntlet3.slave
Gazza II	G/Gazza II	A-Games:G/Gazza2/Gazza2.Slave
Gear Works	G/Gear Works	A-Games:G/GearWorks/GearWorks.Slave
Gem Stone Legend	G/Gem Stone Legend	A-Games:G/GemStoneLegend/GemStoneLegend.slave
Gem'X	G/GemX	A-Games:G/GemX/GemX.slave
Ghost Battle (Beta/Unreleased)	G/Ghost Battle BetaUnrelease	A-Beta:G/GhostBattle/GhostBattle.slave
Ghost Battle	G/Ghost Battle	A-Games:G/GhostBattle/GhostBattle.Slave
Ghostbusters II	G/Ghostbusters II	A-Games:G/Ghostbusters2/Ghostbusters2.Slave
Ghostbusters II NTSC	G/Ghostbusters II NTSC	A-Games:G/Ghostbusters2NTSC/Ghostbusters2NTSC.Slave
Ghouls 'n Ghosts	G/Ghouls n Ghosts	A-Games:G/GhoulsNGhosts/GhoulsNGhosts.Slave
Hard 'n' Heavy (Beta/Unreleased)	H/Hard n Heavy BetaUnrelease	A-Beta:G/Giana2/Giana2.slave
The Great Giana Sisters Special Edition (Beta/Unreleased)	T/The Great Giana Sisters Sp	A-Beta:G/GianaSistersSE/GianaSistersSE.slave
Giganoid	G/Giganoid	A-Games:G/Giganoid/Giganoid.slave
Gladiators	G/Gladiators	A-Games:G/Gladiators/Gladiators.slave
Globulus	G/Globulus	A-Games:G/Globulus/Globulus.slave
Globulus	G/Globulus 	A-Games:G/GlobulusPR/GlobulusPR.slave
G-LOC R360	G/G-LOC R360	A-Games:G/GLOCR360/GLOCR360.slave
G.Nius	G/G.Nius	A-Games:G/GNius/GNius.Slave
Gnome	G/Gnome	A-Games:G/Gnome/Gnome.Slave
Gnome Alone	G/Gnome Alone	A-Games:G/GnomeAlone/GnomeAlone.Slave
Godfather, The	G/Godfather. The	A-Games:G/Godfather/Godfather.Slave
Golden Axe	G/Golden Axe	A-Games:G/GoldenAxe/GoldenAxe.slave
Golden Axe NTSC	G/Golden Axe NTSC	A-Games:G/GoldenAxeNTSC/GoldenAxeNTSC.slave
Gold of the Aztecs, The	G/Gold of the Aztecs. The	A-Games:G/GoldOfTheAztecs/GoldOfTheAztecs.Slave
Gold of the Aztecs, The (v1.1) Kernal1.1	G/Gold of the Aztecs. The v1	A-Games:G/GoldOfTheAztecs_Kernal1.1/GoldOfTheAztecs(v1.1).Slave
Goldrunner	G/Goldrunner	A-Games:G/Goldrunner/Goldrunner.Slave
Goldrunner II	G/Goldrunner II	A-Games:G/Goldrunner2/Goldrunner2.Slave
Goldrunner II SceneryDisk	G/Goldrunner II SceneryDisk	A-Games:G/Goldrunner2&SceneryDisks/Goldrunner2&SceneryDisks.Slave
Gordian Tomb	G/Gordian Tomb	A-Games:G/GordianTomb/GordianTomb.slave
Graeme Souness Soccer Manager	G/Graeme Souness Soccer Mana	A-Games:G/GraemeSounessSoccerManagr/GraemeSounessSoccerManagr.Slave
Grand Monster Slam 1Disk	G/Grand Monster Slam 1Disk	A-Games:G/GrandMonsterSlam1Disk/GrandMonsterSlam1Disk.slave
Grand Monster Slam 2Disk	G/Grand Monster Slam 2Disk	A-Games:G/GrandMonsterSlam2Disk/GrandMonsterSlam2Disk.slave
Grand Prix Master	G/Grand Prix Master	A-Games:G/GrandPrixMaster/GrandPrixMaster.Slave
Gravity-Force	G/Gravity-Force	A-Games:G/GravityForce/GravityForce.Slave
Great Courts	G/Great Courts	A-Games:G/GreatCourts/GreatCourts.slave
Great Giana Sisters, The	G/Great Giana Sisters. The	A-Games:G/GreatGianaSisters/GreatGianaSisters.slave
Gremlins 2: The New Batch	G/Gremlins 2 The New Batch	A-Games:G/Gremlins2/Gremlins2.Slave
Guldkorn Expressen DK 512KB	G/Guldkorn Expressen DK 512K	A-Games:G/GuldkornExpressenDk512KB/GuldkornExpressenDk512KB.slave
Gunshoot	G/Gunshoot	A-Games:G/Gunshoot/Gunshoot.Slave
Guy Spy and the Crystals of Armageddon	G/Guy Spy and the Crystals o	A-Games:G/GuySpy/GuySpy.Slave
Halley Project, The: A Mission In Our Solar System	H/Halley Project. The A Miss	A-Games:H/HalleyProject/HalleyProject.Slave
Hammer Boy	H/Hammer Boy	A-Games:H/HammerBoy/HammerBoy.slave
Hammerfist	H/Hammerfist	A-Games:H/Hammerfist/Hammerfist.Slave
Hard 'n' Heavy	H/Hard n Heavy	A-Games:H/HardNHeavy/HardNHeavy.slave
Harlequin 512KB	H/Harlequin 512KB	A-Games:H/Harlequin512KB/Harlequin512KB.Slave
Harley-Davidson	H/Harley-Davidson	A-Games:H/HarleyDavidson/HarleyDavidson.slave
H.A.T.E.: Hostile All Terrain Encounter	H/H.A.T.E. Hostile All Terra	A-Games:H/HATE/HATE.slave
Hawkeye	H/Hawkeye	A-Games:H/Hawkeye/Hawkeye.slave
Head Over Heels	H/Head Over Heels	A-Games:H/HeadOverHeels/HeadOverHeels.slave
Heavy Metal	H/Heavy Metal	A-Games:H/HeavyMetal/HeavyMetal.slave
Heavy Metal Heroes	H/Heavy Metal Heroes	A-Games:H/HeavyMetalHeroes/HeavyMetalHeroes.Slave
Hellbent	H/Hellbent	A-Games:H/Hellbent/Hellbent.Slave
Hellfire Attack	H/Hellfire Attack	A-Games:H/HellfireAttack/HellfireAttack.Slave
Hellraider	H/Hellraider	A-Games:H/Hellraider/Hellraider.slave
Hell Raisers	H/Hell Raisers	A-Games:H/HellRaisers/HellRaisers.Slave
The Hellrun Machine	T/The Hellrun Machine	A-Games:H/HellrunMachine/HellrunMachine.Slave
Helter Skelter	H/Helter Skelter	A-Games:H/HelterSkelter/HelterSkelter.Slave
Heroes of the Lance	H/Heroes of the Lance	A-Games:H/HeroesOfTheLance/HeroesOfTheLance.slave
HeroQuest	H/HeroQuest	A-Games:H/HeroQuest/HeroQuest.slave
HeroQuest	H/HeroQuest 	A-Games:H/HeroQuest&ReturnWitchLord/HeroQuest&ReturnWitchLord.slave
HeroQuest DE Fix (Beta/Unreleased)	H/HeroQuest DE Fix BetaUnrel	A-Beta:H/HeroQuestDeFix/HeroQuestDeFix.slave
High Steel	H/High Steel	A-Games:H/HighSteel/HighSteel.Slave
Hill Street Blues	H/Hill Street Blues	A-Games:H/HillStreetBlues/HillStreetBlues.Slave
Hollywood Poker	H/Hollywood Poker	A-Games:H/HollywoodPoker/HollywoodPoker.Slave
Hollywood Poker Pro	H/Hollywood Poker Pro	A-Games:H/HollywoodPokerPro/HollywoodPokerPro.slave
Hong Kong Phooey	H/Hong Kong Phooey	A-Games:H/HongKongPhooey/HongKongPhooey.Slave
Horror Zombies from the Crypt	H/Horror Zombies from the Cr	A-Games:H/HorrorZombiesFromTheCrypt/HorrorZombiesFromTheCrypt.Slave
Hostile Breed	H/Hostile Breed	A-Games:H/HostileBreed/HostileBreed.Slave
Hot Rod	H/Hot Rod	A-Games:H/HotRod/HotRod.Slave
Hotshot	H/Hotshot	A-Games:H/Hotshot/Hotshot.Slave
Huckleberry Hound in Hollywood Capers	H/Huckleberry Hound in Holly	A-Games:H/HuckleberryHound/HuckleberryHound.Slave
Hudson Hawk	H/Hudson Hawk	A-Games:H/HudsonHawk/HudsonHawk.Slave
Human Killing Machine	H/Human Killing Machine	A-Games:H/HumanKillingMachine/HumanKillingMachine.slave
Humans 2: The Jurassic Levels	H/Humans 2 The Jurassic Leve	A-Games:H/Humans2/Humans2.slave
Humans 2: The Jurassic Levels DE	H/Humans 2 The Jurassic L V2	A-Games:H/Humans2De/Humans2De.slave
Hunter	H/Hunter	A-Games:H/Hunter/Hunter.Slave
Hunter DE	H/Hunter DE	A-Games:H/HunterDe/HunterDe.slave
Hunter FR	H/Hunter FR	A-Games:H/HunterFr/HunterFr.slave
Hunt for Red October, The	H/Hunt for Red October. The	A-Games:H/HuntForRedOctoberTheMovie/HuntForRedOctoberTheMovie.Slave
Hybris (Beta/Unreleased)	H/Hybris BetaUnreleased	A-Beta:H/Hybris/Hybris.slave
Hybris NTSC	H/Hybris NTSC	A-Games:H/HybrisNTSC/HybrisNTSC.Slave
Hydra	H/Hydra	A-Games:H/Hydra/Hydra.Slave
Hyperdome	H/Hyperdome	A-Games:H/Hyperdome/Hyperdome.Slave
Hyperion	H/Hyperion	A-Games:H/Hyperion/Hyperion.Slave
Ice Runner	I/Ice Runner	A-Games:I/IceRunner/IceRunner.Slave
IK+	I/IK+	A-Games:I/IK+/IK+.slave
Ikari Warriors	I/Ikari Warriors	A-Games:I/IkariWarriors/IkariWarriors.Slave
Ilyad	I/Ilyad	A-Games:I/Ilyad/Ilyad.slave
Impact!	I/Impact	A-Games:I/Impact/Impact.Slave
Impact!	I/Impact 	A-Games:I/Impact95/Impact95.Slave
Impossamole	I/Impossamole	A-Games:I/Impossamole/Impossamole.slave
Indiana Jones and the Last Crusade	I/Indiana Jones and the Last	A-Games:I/IndianaJonesLastCrusAct/IndianaJonesLastCrusAct.Slave
Indigo Files	I/Indigo Files	A-Games:I/IndigoFiles/IndigoFiles.Slave
Indigo Image	I/Indigo Image	A-Games:I/IndigoImage/IndigoImage.Slave
Indy Heat	I/Indy Heat	A-Games:I/IndyHeat/IndyHeat.slave
Infestation	I/Infestation	A-Games:I/Infestation/Infestation.slave
Insector Hecti in the Interchange	I/Insector Hecti in the Inte	A-Games:I/InsectorHectiInterChange/InsectorHectiInterChange.Slave
Insects in Space	I/Insects in Space	A-Games:I/InsectsInSpace/InsectsInSpace.Slave
International 3D Tennis	I/International 3D Tennis	A-Games:I/International3DTennis/International3DTennis.slave
International Ninja Rabbits	I/International Ninja Rabbit	A-Games:I/InternationalNinjaRabbits/InternationalNinjaRabbits.Slave
International Tennis	I/International Tennis	A-Games:I/InternationalTennis/InternationalTennis.slave
International Truck Racing	I/International Truck Racing	A-Games:I/InternationalTruckRacing/InternationalTruckRacing.slave
Interphase	I/Interphase	A-Games:I/Interphase/Interphase.slave
Interphase AmigaFormat	I/Interphase AmigaFormat	A-Games:I/InterphaseAmigaFormat/InterphaseAmigaFormat.slave
Into the Eagle's Nest	I/Into the Eagles Nest	A-Games:I/IntoTheEaglesNest/IntoTheEaglesNest.slave
Invasion	I/Invasion	A-Games:I/Invasion/Invasion.Slave
Invest DE 1Disk	I/Invest DE 1Disk	A-Games:I/InvestDe1Disk/InvestDe1Disk.slave
Invest DE 2Disk	I/Invest DE 2Disk	A-Games:I/InvestDe2Disk/InvestDe2Disk.slave
ISS: Incredible Shrinking Sphere	I/ISS Incredible Shrinking S	A-Games:I/ISS/ISS.slave
Italy 1990	I/Italy 1990	A-Games:I/Italia1990/Italia1990.slave
Italy 1990	I/Italy 1990 	A-Games:I/Italy1990/Italy1990.slave
Italy 1990: Winners Edition	I/Italy 1990 Winners Edition	A-Games:I/Italy1990WinnersEdition/Italy1990WinnersEdition.slave
Ivanhoe	I/Ivanhoe	A-Games:I/Ivanhoe/Ivanhoe.slave
Jahangir Khan's World Championship Squash	J/Jahangir Khans World Champ	A-Games:J/JahangirKhansWChampSquash/JahangirKhansWChampSquash.Slave
Jaws	J/Jaws	A-Games:J/Jaws/Jaws.Slave
Jet Set Willy II	J/Jet Set Willy II	A-Games:J/JetSetWilly2/JetSetWilly2.slave
Jetsons: The Computer Game	J/Jetsons The Computer Game	A-Games:J/JetsonsTheComputerGame/JetsonsTheComputerGame.Slave
Jim Power in Mutant Planet	J/Jim Power in Mutant Planet	A-Games:J/JimPower/JimPower.slave
Jocky Wilson's Darts Challenge	J/Jocky Wilsons Darts Challe	A-Games:J/JockyWilsonsDartChallenge/JockyWilsonsDartChallenge.slave
Joe Blade	J/Joe Blade	A-Games:J/JoeBlade/JoeBlade.Slave
Joe Blade 2	J/Joe Blade 2	A-Games:J/JoeBlade2/JoeBlade2.Slave
John Lowe's Ultimate Darts	J/John Lowes Ultimate Darts	A-Games:J/JohnLowesUltimateDarts/JohnLowesUltimateDarts.Slave
Judge Dredd	J/Judge Dredd	A-Games:J/JudgeDredd/JudgeDredd.slave
Jug	J/Jug	A-Games:J/Jug/Jug.Slave
Jump'n Roll	J/Jumpn Roll	A-Games:J/JumpNRoll/JumpNRoll.Slave
Jupiter Probe	J/Jupiter Probe	A-Games:J/JupiterProbe/JupiterProbe.Slave
Jupiter's Masterdrive	J/Jupiters Masterdrive	A-Games:J/JupitersMasterdrive/JupitersMasterdrive.Slave
Kalas Puffs Expressen SE 512KB	K/Kalas Puffs Expressen SE 5	A-Games:K/KalasPuffExpressenSe512KB/KalasPuffExpressenSe512KB.slave
Kamikaze	K/Kamikaze	A-Games:K/Kamikaze/Kamikaze.Slave
Karate Kid Part II, The	K/Karate Kid Part II. The	A-Games:K/KarateKid2/KarateKid2.slave
Katakis 1Disk	K/Katakis 1Disk	A-Games:K/Katakis1Disk/Katakis1Disk.Slave
Katakis 2Disk	K/Katakis 2Disk	A-Games:K/Katakis2Disk/Katakis2Disk.Slave
Kennedy Approach	K/Kennedy Approach	A-Games:K/KennedyApproach/KennedyApproach.slave
Keys to Maramon, The	K/Keys to Maramon. The	A-Games:K/KeysToMaramon/KeysToMaramon.Slave
Kick Off	K/Kick Off	A-Games:K/KickOff/KickOff.Slave
Kick Off ExtraTime 1Disk	K/Kick Off ExtraTime 1Disk	A-Games:K/KickOff&ExtraTime1Disk/KickOff&ExtraTime1Disk.Slave
Kick Off ExtraTime 2Disk	K/Kick Off ExtraTime 2Disk	A-Games:K/KickOff&ExtraTime2Disk/KickOff&ExtraTime2Disk.Slave
Kid Gloves	K/Kid Gloves	A-Games:K/KidGloves/KidGloves.Slave
Kid Gloves II	K/Kid Gloves II	A-Games:K/KidGloves2/KidGloves2.Slave
Kikstart II	K/Kikstart II	A-Games:K/Kikstart2/Kikstart2.Slave
Killing Cloud, The	K/Killing Cloud. The	A-Games:K/KillingCloud/KillingCloud.Slave
Killing Cloud, The NTSC	K/Killing Cloud. The NTSC	A-Games:K/KillingCloudNTSC/KillingCloudNTSC.Slave
Killing Game Show, The	K/Killing Game Show. The	A-Games:K/KillingGameShow/KillingGameShow.Slave
Kiro's Quest	K/Kiros Quest	A-Games:K/KirosQuest/KirosQuest.slave
Klax	K/Klax	A-Games:K/Klax/Klax.Slave
Knight Force	K/Knight Force	A-Games:K/KnightForce/KnightForce.slave
Kristal, The	K/Kristal. The	A-Games:K/Kristal/Kristal.slave
Kristal, The DE	K/Kristal. The DE	A-Games:K/KristalDe/KristalDe.slave
Kristal, The NTSC	K/Kristal. The NTSC	A-Games:K/KristalNTSC/KristalNTSC.slave
Krusty's Super Fun House	K/Krustys Super Fun House	A-Games:K/KrustysSuperFunHouse/KrustysSuperFunHouse.Slave
Krypton Egg	K/Krypton Egg	A-Games:K/KryptonEgg/KryptonEgg.Slave
Kwik Snax	K/Kwik Snax	A-Games:K/KwikSnax/KwikSnax.slave
Labyrinth DK	L/Labyrinth DK	A-Games:L/LabyrinthDetNyeCOMputerDk/LabyrinthDetNyeCOMputerDk.slave
Laser Squad	L/Laser Squad	A-Games:L/LaserSquad/LaserSquad.slave
Laser Squad IT	L/Laser Squad IT	A-Games:L/LaserSquadIt/LaserSquadIt.slave
Laser Squad NTSC	L/Laser Squad NTSC	A-Games:L/LaserSquadNTSC/LaserSquadNTSC.slave
Last Battle	L/Last Battle	A-Games:L/LastBattle/LastBattle.Slave
Last Duel	L/Last Duel	A-Games:L/LastDuel/LastDuel.slave
Last Ninja 3	L/Last Ninja 3	A-Games:L/LastNinja3/LastNinja3.Slave
Leatherneck	L/Leatherneck	A-Games:L/Leatherneck/Leatherneck.Slave
Leavin' Teramis	L/Leavin Teramis	A-Games:L/LeavinTeramis/LeavinTeramis.Slave
Legacy NoIntro	L/Legacy NoIntro	A-Games:L/LegacyNoIntro/LegacyNoIntro.slave
Legend	L/Legend	A-Games:L/LegendMindscape/LegendMindscape.Slave
Legend getlegendsavedisk	L/Legend getlegendsavedisk	A-Games:L/LegendMindscape/getlegendsavedisk.slave
Legend of the Lost	L/Legend of the Lost	A-Games:L/LegendOfTheLost/LegendOfTheLost.slave
Lemmings Files Alt	L/Lemmings Files Alt	A-Games:L/LemmingsAltFiles/LemmingsAltFiles.Slave
Lemmings Image Alt	L/Lemmings Image Alt	A-Games:L/LemmingsAltImage/LemmingsAltImage.Slave
Lemmings Demo	L/Lemmings Demo	A-Games:L/LemmingsDemo/LemmingsDemo.Slave
Lemmings Files	L/Lemmings Files	A-Games:L/LemmingsFiles/LemmingsFiles.Slave
Lemmings NTSC Files	L/Lemmings NTSC Files	A-Games:L/LemmingsFilesNTSC/LemmingsFilesNTSC.Slave
Lemmings Image	L/Lemmings Image	A-Games:L/LemmingsImage/LemmingsImage.Slave
Lemmings NTSC Image	L/Lemmings NTSC Image	A-Games:L/LemmingsImageNTSC/LemmingsImageNTSC.Slave
New Year Lemmings 1991/92	N/New Year Lemmings 199192	A-Games:L/LemmingsNewYear9192/LemmingsNewYear9192.Slave
Leonardo	L/Leonardo	A-Games:L/LeonardoDOS/LeonardoDOS.Slave
Leonardo	L/Leonardo 	A-Games:L/LeonardoHighDensity/LeonardoHighDensity.Slave
Lethal Xcess	L/Lethal Xcess	A-Games:L/LethalXcess/LethalXcess.slave
Lethal Zone	L/Lethal Zone	A-Games:L/LethalZone/LethalZone.slave
Licence to Kill	L/Licence to Kill	A-Games:L/LicenceToKill/LicenceToKill.Slave
Limes & Napoleon	L/Limes Napoleon	A-Games:L/Limes&Napoleon/Limes&Napoleon.Slave
Liquid Kids Files	L/Liquid Kids Files	A-Games:L/LiquidKidsFiles/LiquidKidsFiles.Slave
Liquid Kids Image	L/Liquid Kids Image	A-Games:L/LiquidKidsImage/LiquidKidsImage.Slave
Little Puff in Dragonland	L/Little Puff in Dragonland	A-Games:L/LittlePuffInDragonland/LittlePuffInDragonland.slave
Live and Let Die	L/Live and Let Die	A-Games:L/LiveAndLetDie/LiveAndLetDie.Slave
Livingstone II	L/Livingstone II	A-Games:L/Livingstone2/Livingstone2.Slave
Llamatron: 2112 1MB	L/Llamatron 2112 1MB	A-Games:L/Llamatron1MB/Llamatron1MB.Slave
Llamatron: 2112 512KB	L/Llamatron 2112 512KB	A-Games:L/Llamatron512KB/Llamatron512KB.Slave
Loopz	L/Loopz	A-Games:L/Loopz/Loopz.Slave
Lords of Chaos DataDisk	L/Lords of Chaos DataDisk	A-Games:L/LordsOfChaos&DataDisk/LordsOfChaos&DataDisk.Slave
Lorna	L/Lorna	A-Games:L/Lorna/Lorna.slave
Lost Patrol, The	L/Lost Patrol. The	A-Games:L/LostPatrol/LostPatrol.Slave
Lost Patrol, The NTSC	L/Lost Patrol. The NTSC	A-Games:L/LostPatrolNTSC/LostPatrolNTSC.Slave
Lotus Esprit Turbo Challenge	L/Lotus Esprit Turbo Challen	A-Games:L/Lotus/Lotus.Slave
Luxor	L/Luxor	A-Games:L/Luxor/Luxor.Slave
Mad Professor Mariarti	M/Mad Professor Mariarti	A-Games:M/MadProfessorMariarti/MadProfessorMariarti.slave
Magic Boy	M/Magic Boy	A-Games:M/MagicBoy/MagicBoy.slave
Magician, The	M/Magician. The	A-Games:M/Magician/Magician.Slave
Magic Lines	M/Magic Lines	A-Games:M/MagicLines/MagicLines.Slave
Magic Pockets	M/Magic Pockets	A-Games:M/MagicPockets/MagicPockets.slave
Magic Pockets NTSC	M/Magic Pockets NTSC	A-Games:M/MagicPocketsNTSC/MagicPocketsNTSC.slave
Magnatron	M/Magnatron	A-Games:M/Magnatron/Magnatron.Slave
Manchester United	M/Manchester United	A-Games:M/ManchesterUnited/ManchesterUnited.Slave
Man from the Council, The	M/Man from the Council. The	A-Games:M/ManFromTheCouncil/ManFromTheCouncil.Slave
Manic Miner	M/Manic Miner	A-Games:M/ManicMiner/ManicMiner.slave
Manix	M/Manix	A-Games:M/Manix/Manix.Slave
Masterblazer	M/Masterblazer	A-Games:M/Masterblazer/Masterblazer.Slave
Matrix Marauders	M/Matrix Marauders	A-Games:M/MatrixMarauders/MatrixMarauders.slave
Mayday Squad	M/Mayday Squad	A-Games:M/MaydaySquadHeroes/MaydaySquadHeroes.Slave
Mean Machine	M/Mean Machine	A-Games:M/MeanMachine/MeanMachine.slave
Mean Streets	M/Mean Streets	A-Games:M/MeanStreets/MeanStreets.slave
Mean Streets DE	M/Mean Streets DE	A-Games:M/MeanStreetsDe/MeanStreetsDe.slave
Mean Streets FR	M/Mean Streets FR	A-Games:M/MeanStreetsFr/MeanStreetsFr.slave
Mega Twins	M/Mega Twins	A-Games:M/MegaTwins/MegaTwins.slave
Menace	M/Menace	A-Games:M/Menace/Menace.Slave
Mental Image Game Disk Image1	M/Mental Image Game Disk Ima	A-Games:M/MentalImage1/MentalImage1.Slave
Mercenary I: Escape from Targ and the Second City	M/Mercenary I Escape from Ta	A-Games:M/Mercenary/Mercenary.slave
Mercenary III: The Dion Crisis	M/Mercenary III The Dion Cri	A-Games:M/Mercenary3/Mercenary3.Slave
Mercs	M/Mercs	A-Games:M/Mercs/Mercs.Slave
Merv the Merciless	M/Merv the Merciless	A-Games:M/MervTheMerciless/MervTheMerciless.slave
Metal Law	M/Metal Law	A-Games:M/MetalLaw/MetalLaw.slave
MF Tanks	M/MF Tanks	A-Games:M/MFTanks/MFTanks.Slave
Miami Chase	M/Miami Chase	A-Games:M/MiamiChase/MiamiChase.slave
Mickey Mouse	M/Mickey Mouse	A-Games:M/MickeyMouseComputerGame/MickeyMouseComputerGame.Slave
Microbes	M/Microbes	A-Games:M/Microbes/Microbes.Slave
Micro Machines	M/Micro Machines	A-Games:M/MicroMachines/MicroMachines.slave
MicroProse Soccer	M/MicroProse Soccer	A-Games:M/MicroProseSoccer/MicroProseSoccer.Slave
Midnight Resistance	M/Midnight Resistance	A-Games:M/MidnightResistance/MidnightResistance.Slave
Midwinter	M/Midwinter	A-Games:M/Midwinter/Midwinter.Slave
Midwinter DE	M/Midwinter DE	A-Games:M/MidwinterDe/MidwinterDe.Slave
Midwinter FR	M/Midwinter FR	A-Games:M/MidwinterFr/MidwinterFr.Slave
MIG-29 Soviet Fighter	M/MIG-29 Soviet Fighter	A-Games:M/MiG29SovietFighter/MiG29SovietFighter.Slave
Mighty Bombjack	M/Mighty Bombjack	A-Games:M/MightyBombJack/MightyBombjack.Slave
Mike Read's Computer Pop Quiz	M/Mike Reads Computer Pop Qu	A-Games:M/MikeReadsComputerPopQuiz/MikeReadsComputerPopQuiz.Slave
Monster Business	M/Monster Business	A-Games:M/MonsterBusiness/MonsterBusiness.slave
Monty Python's Flying Circus	M/Monty Pythons Flying Circu	A-Games:M/MontyPythonsFlyCir/MontyPythonsFlyCir.Slave
Monty Python's Flying Circus NTSC	M/Monty Pythons Flying Ci V2	A-Games:M/MontyPythonsFlyCirNTSC/MontyPythonsFlyCirNTSC.Slave
Moochies, The	M/Moochies. The	A-Games:M/Moochies/Moochies.Slave
Moonshine Racers	M/Moonshine Racers	A-Games:M/MoonShineRacers/MoonShineRacers.Slave
Morph	M/Morph	A-Games:M/Morph/Morph.Slave
Mot	M/Mot	A-Games:M/Mot/Mot.slave
Motörhead	M/Motorhead	A-Games:M/Motorhead/Motorhead.Slave
MouseQuest NTSC	M/MouseQuest NTSC	A-Games:M/MouseQuestNTSC/MouseQuestNTSC.Slave
Mousetrap	M/Mousetrap	A-Games:M/Mousetrap/Mousetrap.Slave
Do! Run Run Files	D/Do Run Run Files	A-Games:M/MrDoRunRunFiles/MrDoRunRunFiles.Slave
Do! Run Run Image	D/Do Run Run Image	A-Games:M/MrDoRunRunImage/MrDoRunRunImage.Slave
M.U.D.S.	M/M.U.D.S.	A-Games:M/MUDS/MUDS.slave
Munsters, The	M/Munsters. The	A-Games:M/Munsters/Munsters.slave
Murder	M/Murder	A-Games:M/Murder/Murder.Slave
Mysterious Worlds	M/Mysterious Worlds	A-Games:M/MysteriousWorlds/MysteriousWorlds.Slave
Mystical	M/Mystical	A-Games:M/Mystical/Mystical.Slave
Narc	N/Narc	A-Games:N/Narc/Narc.slave
Narco Police	N/Narco Police	A-Games:N/NarcoPolice/NarcoPolice.Slave
Navy Moves	N/Navy Moves	A-Games:N/NavyMoves/NavyMoves.Slave
Navy Seals	N/Navy Seals	A-Games:N/NavySeals/NavySeals.slave
Nebulus	N/Nebulus	A-Games:N/Nebulus/Nebulus.Slave
Nebulus 2	N/Nebulus 2	A-Games:N/Nebulus2/Nebulus2.slave
Necronom	N/Necronom	A-Games:N/Necronom/Necronom.Slave
Neighbours	N/Neighbours	A-Games:N/Neighbours/Neighbours.Slave
Netherworld (Beta/Unreleased)	N/Netherworld BetaUnreleased	A-Beta:N/Netherworld/Netherworld.slave
Netherworld	N/Netherworld	A-Games:N/Netherworld/Netherworld.slave
Neutralizer II Demo (Beta/Unreleased)	N/Neutralizer II Demo BetaUn	A-Beta:N/Neutralizer2Demo/Neutralizer2Demo.slave
Neverending Story II, The	N/Neverending Story II. The	A-Games:N/NeverEndingStory2/NeverEndingStory2.slave
Nevermind	N/Nevermind	A-Games:N/NeverMind/Nevermind.Slave
Newzealand Story, The	N/Newzealand Story. The	A-Games:N/NewZealandStory/NewZealandStory.slave
Nibby Nibble	N/Nibby Nibble	A-Games:N/NibbyNibble/NibbyNibble.slave
Nicky Boom	N/Nicky Boom	A-Games:N/NickyBoom/NickyBoom.Slave
Nigel Mansell's Grand Prix	N/Nigel Mansells Grand Prix	A-Games:N/NigelMansellsGrandPrix/NigelMansellsGrandPrix.Slave
Nightbreed: The Action Game	N/Nightbreed The Action Game	A-Games:N/NightbreedAction/NightbreedAction.Slave
Night Breed: The Interactive Movie	N/Night Breed The Interactiv	A-Games:N/NightbreedMovie/NightbreedMovie.Slave
Nightdawn	N/Nightdawn	A-Games:N/Nightdawn/Nightdawn.Slave
Nightdawn NTSC	N/Nightdawn NTSC	A-Games:N/NightdawnNTSC/NightdawnNTSC.Slave
Night Hunter	N/Night Hunter	A-Games:N/NightHunter/NightHunter.slave
Ninja Rabbits	N/Ninja Rabbits	A-Games:N/NinjaRabbits/NinjaRabbits.Slave
Ninja Spirit	N/Ninja Spirit	A-Games:N/NinjaSpirit/NinjaSpirit.Slave
Ninja Warriors, The	N/Ninja Warriors. The	A-Games:N/NinjaWarriors/NinjaWarriors.slave
Nitro	N/Nitro	A-Games:N/Nitro/Nitro.Slave
Nitro Boost Challenge	N/Nitro Boost Challenge	A-Games:N/NitroBoostChallenge/NitroBoostChallenge.slave
Nitro NTSC	N/Nitro NTSC	A-Games:N/NitroNTSC/NitroNTSC.Slave
Nobby the Aardvark	N/Nobby the Aardvark	A-Games:N/NobbyTheAardvark/NobbyTheAardvark.slave
No Buddies Land	N/No Buddies Land	A-Games:N/NoBuddiesLand/NoBuddiesLand.slave
No Excuses	N/No Excuses	A-Games:N/NoExcuses/NoExcuses.slave
The North Sea Inferno	T/The North Sea Inferno	A-Games:N/NorthSeaInferno/NorthSeaInferno.Slave
Nucleus	N/Nucleus	A-Games:N/Nucleus/Nucleus.Slave
Oath, The	O/Oath. The	A-Games:O/Oath/Oath.Slave
Obitus	O/Obitus	A-Games:O/Obitus/Obitus.Slave
Obliterator	O/Obliterator	A-Games:O/Obliterator/Obliterator.slave
Oblivion	O/Oblivion	A-Games:O/Oblivion/Oblivion.Slave
Oktagon	O/Oktagon	A-Games:O/Oktagon/Oktagon.Slave
Onslaught	O/Onslaught	A-Games:O/Onslaught/Onslaught.slave
Ooops Up	O/Ooops Up	A-Games:O/OoopsUp/OoopsUp.Slave
Operation Firestorm	O/Operation Firestorm	A-Games:O/OperationFirestorm/OperationFirestorm.slave
Operation Thunderbolt	O/Operation Thunderbolt	A-Games:O/OperationThunderbolt/OperationThunderbolt.slave
Orbital Destroyer	O/Orbital Destroyer	A-Games:O/OrbitalDestroyer/OrbitalDestroyer.Slave
Oriental Games	O/Oriental Games	A-Games:O/OrientalGames/OrientalGames.Slave
Ork	O/Ork	A-Games:O/Ork/Ork.Slave
Ork Demo	O/Ork Demo	A-Games:O/OrkDemo/OrkDemo.Slave
Ork NTSC	O/Ork NTSC	A-Games:O/OrkNTSC/OrkNTSC.Slave
OsWALD DK	O/OsWALD DK	A-Games:O/OswaldDk/OswaldDk.Slave
OsWALD NTSC	O/OsWALD NTSC	A-Games:O/OswaldNTSC/OswaldNTSC.Slave
Outlands	O/Outlands	A-Games:O/Outlands/Outlands.slave
Outlands	O/Outlands 	A-Games:O/Outlands&DizzyDice/Outlands&DizzyDice.slave
Out Run	O/Out Run	A-Games:O/OutRun/OutRun.slave
Out Run Europa	O/Out Run Europa	A-Games:O/OutRunEuropa/OutrunEuropa.slave
Out Run NTSC	O/Out Run NTSC	A-Games:O/OutRunNTSC/OutRunNTSC.slave
Outzone	O/Outzone	A-Games:O/Outzone/Outzone.Slave
Overlander	O/Overlander	A-Games:O/Overlander/Overlander.Slave
Oxxonian	O/Oxxonian	A-Games:O/Oxxonian/Oxxonian.Slave
P47 Thunderbolt	P/P47 Thunderbolt	A-Games:P/P47Thunderbolt/P47Thunderbolt.Slave
Pac-Land	P/Pac-Land	A-Games:P/PacLand/PacLand.Slave
Pac-Mania	P/Pac-Mania	A-Games:P/PacMania/Pacmania.Slave
Pandora	P/Pandora	A-Games:P/Pandora/Pandora.Slave
Pang	P/Pang	A-Games:P/Pang/Pang.slave
Pango	P/Pango	A-Games:P/Pango/Pango.Slave
Paperboy	P/Paperboy	A-Games:P/Paperboy/Paperboy.slave
Paradise Lost	P/Paradise Lost	A-Games:P/ParadiseLost/ParadiseLost.slave
Paradroid 90 512KB	P/Paradroid 90 512KB	A-Games:P/Paradroid90512KB/Paradroid90512KB.Slave
Paramax	P/Paramax	A-Games:P/Paramax/Paramax.Slave
The Paranoia Complex	T/The Paranoia Complex	A-Games:P/ParanoiaComplex/ParanoiaComplex.Slave
The Paranoia Complex DE	T/The Paranoia Complex DE	A-Games:P/ParanoiaComplexDe/ParanoiaComplexDe.Slave
Parasol Stars: The Story of Rainbow Islands II	P/Parasol Stars The Story of	A-Games:P/ParasolStars/ParasolStars.Slave
Passing Shot	P/Passing Shot	A-Games:P/PassingShot/PassingShot.Slave
Pegasus	P/Pegasus	A-Games:P/Pegasus/Pegasus.Slave
Penthouse Hot Numbers	P/Penthouse Hot Numbers	A-Games:P/PenthouseHotNumbers/PenthouseHotNumbers.Slave
Peter Beardsley's International Football NTSC	P/Peter Beardsleys Internati	A-Games:P/PeterBeardsleysIFNTSC/PeterBeardsleysIFNTSC.Slave
Peter Schmeichel Soccer	P/Peter Schmeichel Soccer	A-Games:P/PeterSchmeichelSoccer/PeterSchmeichelSoccer.Slave
Phantom Fighter	P/Phantom Fighter	A-Games:P/PhantomFighter/PhantomFighter.Slave
Phobia	P/Phobia	A-Games:P/Phobia/Phobia.Slave
Photon Storm	P/Photon Storm	A-Games:P/PhotonStorm/PhotonStorm.slave
Pick 'n Pile	P/Pick n Pile	A-Games:P/PickNPile/PickNPile.Slave
Pink Panther	P/Pink Panther	A-Games:P/PinkPanther/PinkPanther.slave
Pipe Dream NTSC	P/Pipe Dream NTSC	A-Games:P/PipeDreamNTSC/PipeDreamNTSC.Slave
Pipeline	P/Pipeline	A-Games:P/PipelineNomad/PipelineNomad.Slave
Pipeline	P/Pipeline 	A-Games:P/PipelineOracle/PipelineOracle.Slave
Pipe Mania	P/Pipe Mania	A-Games:P/PipeMania/PipeMania.Slave
Pit-Fighter	P/Pit-Fighter	A-Games:P/PitFighter/PitFighter.slave
Plague, The	P/Plague. The	A-Games:P/Plague/Plague.Slave
Plague, The NTSC	P/Plague. The NTSC	A-Games:P/PlagueNTSC/PlagueNTSC.Slave
Platoon NTSC	P/Platoon NTSC	A-Games:P/PlatoonNTSC/PlatoonNTSC.Slave
Player Manager	P/Player Manager	A-Games:P/PlayerManager/PlayerManager.slave
Player Manager DE	P/Player Manager DE	A-Games:P/PlayerManagerDe/PlayerManagerDe.slave
Player Manager FR	P/Player Manager FR	A-Games:P/PlayerManagerFr/PlayerManagerFr.slave
Player Manager IT	P/Player Manager IT	A-Games:P/PlayerManagerIt/PlayerManagerIt.slave
Plotting	P/Plotting	A-Games:P/Plotting/Plotting.slave
Pod	P/Pod	A-Games:P/Pod/Pod.slave
Postman Pat	P/Postman Pat	A-Games:P/PostmanPat/PostmanPat.Slave
Power, The	P/Power. The	A-Games:P/Power/Power.Slave
Power Drift	P/Power Drift	A-Games:P/PowerDrift/PowerDrift.slave
PowerMonger	P/PowerMonger	A-Games:P/Powermonger/Powermonger.Slave
Powermonger WW1 Edition	P/Powermonger WW1 Edition	A-Games:P/PowermongerWW1Edition/PowermongerWW1Edition.slave
Power Styx	P/Power Styx	A-Games:P/Powerstyx/Powerstyx.slave
P.P. Hammer	P/P.P. Hammer	A-Games:P/PPHammer/PPHammer.Slave
Predator	P/Predator	A-Games:P/Predator/Predator.Slave
Predator 2	P/Predator 2	A-Games:P/Predator2/Predator2.Slave
A Prehistoric Tale	A/A Prehistoric Tale	A-Games:P/PrehistoricTale/PrehistoricTale.slave
Prince	P/Prince	A-Games:P/Prince/Prince.slave
Prison	P/Prison	A-Games:P/Prison/Prison.Slave
Prison NTSC	P/Prison NTSC	A-Games:P/PrisonNTSC/PrisonNTSC.Slave
Pro Boxing Simulator	P/Pro Boxing Simulator	A-Games:P/ProBoxingSimulator/ProBoxingSimulator.Slave
Project-X	P/Project-X	A-Games:P/ProjectXBonusLevel/ProjectXBonusLevel.Slave
Projectyle	P/Projectyle	A-Games:P/Projectyle/Projectyle.slave
Prophecy I: The Viking Child	P/Prophecy I The Viking Chil	A-Games:P/Prophecy1VikingChild/Prophecy1VikingChild.Slave
Pro Powerboat Simulator	P/Pro Powerboat Simulator	A-Games:P/ProPowerBoatSimulator/ProPowerBoatSimulator.Slave
Pro Tennis Simulator Files	P/Pro Tennis Simulator Files	A-Games:P/ProTennisSimulatorFiles/ProTennisSimulatorFiles.slave
Pro Tennis Simulator Image	P/Pro Tennis Simulator Image	A-Games:P/ProTennisSimulatorImage/ProTennisSimulatorImage.slave
Pro Tennis Tour	P/Pro Tennis Tour	A-Games:P/ProTennisTour/ProTennisTour.slave
Psyborg	P/Psyborg	A-Games:P/Psyborg/Psyborg.Slave
Pub Trivia Simulator	P/Pub Trivia Simulator	A-Games:P/PubTriviaSimulator/PubTriviaSimulator.Slave
Puffy's Saga	P/Puffys Saga	A-Games:P/PuffysSaga/PuffysSaga.Slave
Puzznic	P/Puzznic	A-Games:P/Puzznic/Puzznic.Slave
Pyramax	P/Pyramax	A-Games:P/Pyramax/Pyramax.Slave
Qix NTSC	Q/Qix NTSC	A-Games:Q/QixNTSC/QixNTSC.Slave
Quadralien	Q/Quadralien	A-Games:Q/Quadralien/Quadralien.slave
Quadrel	Q/Quadrel	A-Games:Q/Quadrel/Quadrel.Slave
Quartz	Q/Quartz	A-Games:Q/Quartz/Quartz.slave
A Question of Sport	A/A Question of Sport	A-Games:Q/QuestionOfSport/QuestionOfSport.Slave
Quest of Agravain, The	Q/Quest of Agravain. The	A-Games:Q/QuestOfAgravain/QuestOfAgravain.Slave
Race Drivin'	R/Race Drivin	A-Games:R/RaceDrivin/RaceDrivin.slave
Rainbow Islands	R/Rainbow Islands	A-Games:R/RainbowIslands/RainbowIslands.slave
Rainbow Warrior	R/Rainbow Warrior	A-Games:R/RainbowWarrior/RainbowWarrior.Slave
Rally Cross Challenge	R/Rally Cross Challenge	A-Games:R/RallyCrossChallenge/RallyCrossChallenge.Slave
Rambo III	R/Rambo III	A-Games:R/Rambo3/Rambo3.slave
Rambo III NTSC	R/Rambo III NTSC	A-Games:R/Rambo3NTSC/Rambo3NTSC.slave
Rampage	R/Rampage	A-Games:R/Rampage/Rampage.slave
Rat Trap	R/Rat Trap	A-Games:R/RatTrap/RatTrap.Slave
R.B.I. 2 Baseball	R/R.B.I. 2 Baseball	A-Games:R/RBI2Baseball/RBI2Baseball.Slave
Real Ghostbusters, The	R/Real Ghostbusters. The	A-Games:R/RealGhostbusters/RealGhostbusters.Slave
Realms	R/Realms	A-Games:R/Realms/Realms.Slave
Real Popeye, The	R/Real Popeye. The	A-Games:R/RealPopeye/RealPopeye.Slave
Rebellion	R/Rebellion	A-Games:R/Rebellion/Rebellion.slave
Red Heat	R/Red Heat	A-Games:R/RedHeat/RedHeat.slave
Reflexity: Pinball Challenge	R/Reflexity Pinball Challeng	A-Games:R/Reflexity/Reflexity.Slave
Renegade	R/Renegade	A-Games:R/Renegade/Renegade.slave
Renegades Deluxe	R/Renegades Deluxe	A-Games:R/Renegades/Renegades.Slave
Renegades Deluxe Editor	R/Renegades Deluxe Editor	A-Games:R/Renegades/RenegadesEditor.Slave
Resolution 101	R/Resolution 101	A-Games:R/Resolution101/Resolution101.Slave
Return to Genesis	R/Return to Genesis	A-Games:R/ReturnToGenesis/ReturnToGenesis.Slave
Revelation!	R/Revelation	A-Games:R/Revelation/Revelation.Slave
Revenge of Defender	R/Revenge of Defender	A-Games:R/RevengeOfDefender/RevengeOfDefender.slave
Revenge of the Mutant Camels	R/Revenge of the Mutant Came	A-Games:R/RevengeOfMutantCamels/RevengeOfMutantCamels.Slave
Revenge of the Mutant Camels II	R/Revenge of the Mutant C V2	A-Games:R/RevengeOfMutantCamels2/RevengeOfMutantCamels2.slave
Revenge of the Mutant Camels NTSC	R/Revenge of the Mutant C V3	A-Games:R/RevengeOfMutantCamelsNTSC/RevengeOfMutantCamelsNTSC.Slave
Rick Dangerous	R/Rick Dangerous	A-Games:R/RickDangerous/RickDangerous.Slave
Rick Dangerous II	R/Rick Dangerous II	A-Games:R/RickDangerous2/RickDangerous2.slave
Rick Dangerous II	R/Rick Dangerous II 	A-Games:R/RickDangerous25/RickDangerous25.Slave
Risky Woods	R/Risky Woods	A-Games:R/RiskyWoods/RiskyWoods.slave
RoadBlasters	R/RoadBlasters	A-Games:R/RoadBlasters/RoadBlasters.Slave
Roadwars	R/Roadwars	A-Games:R/RoadWars/RoadWars.Slave
Robbeary	R/Robbeary	A-Games:R/Robbeary/Robbeary.Slave
Robin Hood: Legend Quest	R/Robin Hood Legend Quest	A-Games:R/RobinHoodLegendQuest/RobinHoodLegendQuest.slave
RoboCop	R/RoboCop	A-Games:R/RoboCop/RoboCop.Slave
RoboCop 2	R/RoboCop 2	A-Games:R/RoboCop2/RoboCop2.Slave
Robotnic	R/Robotnic	A-Games:R/Robotnic/Robotnic.Slave
Rockford	R/Rockford	A-Games:R/Rockford/Rockford.slave
Rock'n Roll	R/Rockn Roll	A-Games:R/RockNRoll/RockNRoll.Slave
Rodland	R/Rodland	A-Games:R/RodLand/RodLand.Slave
Rody & Mastico II FR	R/Rody Mastico II FR	A-Games:R/Rody&Mastico2Fr/Rody&Mastico2Fr.Slave
Rody & Mastico III FR	R/Rody Mastico III FR	A-Games:R/Rody&Mastico3Fr/Rody&Mastico3Fr.Slave
Rody Noël FR	R/Rody Noel FR	A-Games:R/Rody&Mastico4RodyNoelFr/Rody&Mastico4RodyNoelFr.Slave
Rody V FR	R/Rody V FR	A-Games:R/Rody&Mastico5Fr/Rody&Mastico5Fr.Slave
Rody VI FR	R/Rody VI FR	A-Games:R/Rody&Mastico6Fr/Rody&Mastico6Fr.Slave
Rogue Trooper	R/Rogue Trooper	A-Games:R/RogueTrooper/RogueTrooper.Slave
RollerCoaster Rumbler	R/RollerCoaster Rumbler	A-Games:R/RollerCoasterRumbler/RollerCoasterRumbler.Slave
Rolling Thunder	R/Rolling Thunder	A-Games:R/RollingThunder/RollingThunder.slave
Roll or Die	R/Roll or Die	A-Games:R/RollOrDie/RollOrDie.slave
Rome AD92: The Pathway To Power	R/Rome AD92 The Pathway To P	A-Games:R/RomeAD92/RomeAD92.Slave
Rotor	R/Rotor	A-Games:R/Rotor/Rotor.slave
Rotox	R/Rotox	A-Games:R/Rotox/Rotox.slave
Round the Bend!	R/Round the Bend	A-Games:R/RoundTheBend/RoundTheBend.Slave
R-Type	R/R-Type	A-Games:R/RType/RType.slave
R-Type II	R/R-Type II	A-Games:R/RType2/RType2.Slave
Ruff and Reddy in the Space Adventure	R/Ruff and Reddy in the Spac	A-Games:R/Ruff&ReddySpaceAdventure/Ruff&ReddySpaceAdventure.slave
Rugby: The World Cup	R/Rugby The World Cup	A-Games:R/RugbyTheWorldCup/RugbyTheWorldCup.Slave
Rugby: The World Cup RugbyTheWorldCupEarlyBld	R/Rugby The World Cup RugbyT	A-Games:R/RugbyTheWorldCupEarlyBuild/RugbyTheWorldCupEarlyBld.Slave
Running Man, The	R/Running Man. The	A-Games:R/RunningMan/RunningMan.slave
Run the Gauntlet	R/Run the Gauntlet	A-Games:R/RunTheGauntlet/RunTheGauntlet.Slave
Rushhour	R/Rushhour	A-Games:R/Rushhour/Rushhour.Slave
RVF Honda	R/RVF Honda	A-Games:R/RVFHonda/RVFHonda.slave
Saint & Greavsie	S/Saint Greavsie	A-Games:S/Saint&Greavsie/Saint&Greavsie.Slave
Salmon-Pink Max	S/Salmon-Pink Max	A-Games:S/SalmonPinkMax/SalmonPinkMax.Slave
Santa's Xmas Caper	S/Santas Xmas Caper	A-Games:S/SantasXmasCaper/SantasXmasCaper.Slave
Sarakon	S/Sarakon	A-Games:S/Sarakon/Sarakon.slave
SAS Combat Simulator	S/SAS Combat Simulator	A-Games:S/SASCombatSimulator/SASCombatSimulator.Slave
Satan	S/Satan	A-Games:S/Satan/Satan.Slave
Savage	S/Savage	A-Games:S/Savage/Savage.Slave
Scooby Doo and Scrappy Doo	S/Scooby Doo and Scrappy Doo	A-Games:S/ScoobyDoo&ScrappyDoo/ScoobyDoo&ScrappyDoo.slave
Scorpio	S/Scorpio	A-Games:S/Scorpio/Scorpio.Slave
Scorpion	S/Scorpion	A-Games:S/Scorpion/Scorpion.Slave
Scramble Spirits	S/Scramble Spirits	A-Games:S/ScrambleSpirits/ScrambleSpirits.Slave
Seconds Out..!	S/Seconds Out..	A-Games:S/SecondsOut/SecondsOut.Slave
Sensible Soccer 512KB	S/Sensible Soccer 512KB	A-Games:S/SensibleSoccer512KB/SensibleSoccer512KB.Slave
Sensible Soccer: European Champions v1.1 (92/93 Edition) 512KB	S/Sensible Soccer European C	A-Games:S/SensibleSoccer9293512KB/SensibleSoccer9293512KB.Slave
Sensible Soccer: England vs Germany	S/Sensible Soccer England vs	A-Games:S/SensibleSoccerBulldogBlty/SensibleSoccerBulldogBlty.Slave
Sensible Soccer v1.1 - European Champions 512KB	S/Sensible Soccer v1.1 - Eur	A-Games:S/SensibleSoccerEuro512KB/SensibleSoccerEuro512KB.Slave
Sensible Soccer v1.2 - International Edition 512KB	S/Sensible Soccer v1.2 - Int	A-Games:S/SensibleSoccerIntEd512KB/SensibleSoccerIntEd512KB.Slave
Sentinel, The	S/Sentinel. The	A-Games:S/Sentinel/Sentinel.Slave
Seven Gates of Jambala, The Files	S/Seven Gates of Jambala. Th	A-Games:S/SevenGatesOfJambalaFiles/SevenGatesOfJambalaFiles.slave
Seven Gates of Jambala, The Image	S/Seven Gates of Jambala. V2	A-Games:S/SevenGatesOfJambalaImage/SevenGatesOfJambalaImage.slave
Seymour goes to Hollywood	S/Seymour goes to Hollywood	A-Games:S/SeymourGoesToHollywood/SeymourGoesToHollywood.slave
Shadow Dancer	S/Shadow Dancer	A-Games:S/ShadowDancer/ShadowDancer.slave
Shadowlands	S/Shadowlands	A-Games:S/Shadowlands/Shadowlands.Slave
Shadow of the Beast	S/Shadow of the Beast	A-Games:S/ShadowOfTheBeast/ShadowOfTheBeast.slave
Shadow of the Beast II	S/Shadow of the Beast II	A-Games:S/ShadowOfTheBeast2/ShadowOfTheBeast2.Slave
Shadow of the Beast II Demo	S/Shadow of the Beast II Dem	A-Games:S/ShadowOfTheBeast2Demo/ShadowOfTheBeast2Demo.Slave
Shadow of the Beast II NTSC	S/Shadow of the Beast II NTS	A-Games:S/ShadowOfTheBeast2NTSC/ShadowOfTheBeast2NTSC.Slave
Shadow of the Beast Demo	S/Shadow of the Beast Demo	A-Games:S/ShadowOfTheBeastDemo/ShadowOfTheBeastDemo.Slave
Sharkey's Moll	S/Sharkeys Moll	A-Games:S/SharkeysMoll/SharkeysMoll.Slave
She-Fox	S/She-Fox	A-Games:S/SheFox/SheFox.slave
Shinobi	S/Shinobi	A-Games:S/Shinobi/Shinobi.Slave
Shinobi NTSC	S/Shinobi NTSC	A-Games:S/ShinobiNTSC/ShinobiNTSC.Slave
ShockWave	S/ShockWave	A-Games:S/ShockWave/ShockWave.Slave
Shuffle	S/Shuffle	A-Games:S/Shuffle/Shuffle.Slave
SideArms	S/SideArms	A-Games:S/SideArms/SideArms.slave
Silk Worm	S/Silk Worm	A-Games:S/Silkworm/Silkworm.slave
Simulcra	S/Simulcra	A-Games:S/Simulcra/Simulcra.Slave
Sink or Swim 512KB	S/Sink or Swim 512KB	A-Games:S/SinkOrSwim512KB/SinkOrSwim512KB.Slave
Sir Fred: The Legend	S/Sir Fred The Legend	A-Games:S/SirFredTheLegend/SirFredTheLegend.slave
Sixiang	S/Sixiang	A-Games:S/Sixiang/Sixiang.Slave
Skidz	S/Skidz	A-Games:S/Skidz/Skidz.Slave
Ski or Die	S/Ski or Die	A-Games:S/SkiOrDie/SkiOrDie.Slave
Skull & Crossbones	S/Skull Crossbones	A-Games:S/Skull&Crossbones/Skull&CrossBones.slave
Skweek	S/Skweek	A-Games:S/Skweek/Skweek.Slave
SkyChase	S/SkyChase	A-Games:S/SkyChase/SkyChase.Slave
Sky Fighter	S/Sky Fighter	A-Games:S/SkyFighter/SkyFighter.Slave
Sky High Stuntman	S/Sky High Stuntman	A-Games:S/SkyHighStuntman/SkyHighStuntman.Slave
Slackskin & Flint	S/Slackskin Flint	A-Games:S/Slackskin&Flint/Slackskin&Flint.Slave
Slayer	S/Slayer	A-Games:S/Slayer/Slayer.Slave
Sliders	S/Sliders	A-Games:S/Sliders/Sliders.Slave
Sly Spy: Secret Agent	S/Sly Spy Secret Agent	A-Games:S/SlySpySecretAgent/SlySpySecretAgent.slave
Smash	S/Smash	A-Games:S/Smash/Smash.slave
Snakes (Beta/Unreleased)	S/Snakes BetaUnreleased	A-Beta:S/Snakes/Snakes.Slave
Snoopy and Peanuts	S/Snoopy and Peanuts	A-Games:S/Snoopy&Peanuts/Snoopy&Peanuts.Slave
Snoopy and Peanuts NoSounds	S/Snoopy and Peanuts NoSound	A-Games:S/Snoopy&PeanutsNoSounds/Snoopy&PeanutsNoSounds.Slave
Snow Bros. Files	S/Snow Bros. Files	A-Games:S/SnowBrosFiles/SnowBrosFiles.slave
Snow Bros. Image	S/Snow Bros. Image	A-Games:S/SnowBrosImage/SnowBrosImage.slave
Soccer Pinball	S/Soccer Pinball	A-Games:S/SoccerPinball/SoccerPinball.slave
Soldier 2000	S/Soldier 2000	A-Games:S/Soldier2000/Soldier2000.Slave
Soldier of Light	S/Soldier of Light	A-Games:S/SoldierOfLight/SoldierOfLight.slave
Solomon's Key 2	S/Solomons Key 2	A-Games:S/SolomonsKey2/SolomonsKey2.Slave
Sonic Boom	S/Sonic Boom	A-Games:S/SonicBoom/SonicBoom.slave
Son Shu-Shi	S/Son Shu-Shi	A-Games:S/SonShuShi/SonShuShi.Slave
Sooty & Sweep	S/Sooty Sweep	A-Games:S/Sooty&Sweep/Sooty&Sweep.Slave
Sooty's Fun With Numbers	S/Sootys Fun With Numbers	A-Games:S/SootysFunWithNumbers/SootysFunWithNumbers.slave
Sophelie	S/Sophelie	A-Games:S/Sophelie/Sophelie.Slave
Sorceror's Apprentice	S/Sorcerors Apprentice	A-Games:S/SorcerorsApprentice/SorcerorsApprentice.Slave
Space Ace	S/Space Ace	A-Games:S/SpaceAce/SpaceAce.slave
Space Ace II: Borf's Revenge	S/Space Ace II Borfs Revenge	A-Games:S/SpaceAce2/SpaceAce2.Slave
Space Assault	S/Space Assault	A-Games:S/SpaceAssault/SpaceAssault.slave
Space Crusade	S/Space Crusade	A-Games:S/SpaceCrusade/SpaceCrusade.Slave
Space Crusade VoyageBeyond	S/Space Crusade VoyageBeyond	A-Games:S/SpaceCrusade&VoyageBeyond/VoyageBeyond.Slave
Space Crusade VoyageBeyond	S/Space Crusade VoyageBey V2	A-Games:S/SpaceCrusade&VoyageBeyond/SpaceCrusade.Slave
Spacecutter NTSC	S/Spacecutter NTSC	A-Games:S/SpacecutterNTSC/SpacecutterNTSC.Slave
Space Gun	S/Space Gun	A-Games:S/SpaceGun/SpaceGun.Slave
Space Harrier	S/Space Harrier	A-Games:S/SpaceHarrier/SpaceHarrier.Slave
Space Harrier RetrnFntZone	S/Space Harrier RetrnFntZone	A-Games:S/SpaceHarrier&RetrnFntZone/SpaceHarrier.slave
Space Harrier II	S/Space Harrier II	A-Games:S/SpaceHarrier2/SpaceHarrier2.Slave
Space Harrier NTSC	S/Space Harrier NTSC	A-Games:S/SpaceHarrierNTSC/SpaceHarrierNTSC.Slave
Space Pilot 89	S/Space Pilot 89	A-Games:S/SpacePilot89/SpacePilot89.Slave
Spaceport	S/Spaceport	A-Games:S/Spaceport/Spaceport.Slave
Space Station Oblivion	S/Space Station Oblivion	A-Games:S/SpaceStation/SpaceStation.Slave
Spacewrecked: 14 Billion Light Years From Earth NTSC	S/Spacewrecked 14 Billion Li	A-Games:S/SpacewreckedNTSC/SpacewreckedNTSC.Slave
Speedball	S/Speedball	A-Games:S/Speedball/Speedball.slave
Speedball 2: Brutal Deluxe	S/Speedball 2 Brutal Deluxe	A-Games:S/Speedball2/Speedball2.Slave
Speedball 2: Brutal Deluxe NTSC	S/Speedball 2 Brutal Deluxe 	A-Games:S/Speedball2NTSC/Speedball2NTSC.Slave
Speedball NTSC	S/Speedball NTSC	A-Games:S/SpeedballNTSC/SpeedballNTSC.slave
Speedboat Assassin	S/Speedboat Assassin	A-Games:S/SpeedboatAssassins/SpeedboatAssassins.Slave
Speed Buggy NTSC	S/Speed Buggy NTSC	A-Games:S/SpeedBuggyNTSC/SpeedBuggyNTSC.slave
Spellbound Dizzy	S/Spellbound Dizzy	A-Games:S/SpellboundDizzy/SpellboundDizzy.Slave
Spellfire the Sorceror	S/Spellfire the Sorceror	A-Games:S/SpellfireTheSorcerer/SpellfireTheSorcerer.slave
Spherical	S/Spherical	A-Games:S/Spherical/Spherical.Slave
Spike In Transylvania	S/Spike In Transylvania	A-Games:S/SpikeInTransylvania/SpikeInTransylvania.Slave
Spindizzy Worlds	S/Spindizzy Worlds	A-Games:S/SpindizzyWorlds/SpindizzyWorlds.slave
Spirit of Adventure DE 1Disk	S/Spirit of Adventure DE 1Di	A-Games:S/SpiritOfAdventureDe1Disk/SpiritOfAdventureDe1Disk.slave
Spirit of Adventure DE 3Disk	S/Spirit of Adventure DE 3Di	A-Games:S/SpiritOfAdventureDe3Disk/SpiritOfAdventureDe3Disk.slave
Spitting Image Image	S/Spitting Image Image	A-Games:S/SpittingImage/SpittingImage.slave
Spy vs Spy	S/Spy vs Spy	A-Games:S/SpyVsSpy/SpyVsSpy.Slave
Spy vs Spy II: The Island Caper	S/Spy vs Spy II The Island C	A-Games:S/SpyVsSpy2TheIslandCaper/SpyVsSpy2TheIslandCaper.Slave
Spy vs Spy III - Arctic Antics	S/Spy vs Spy III - Arctic An	A-Games:S/SpyVsSpy3ArcticAntics/SpyVsSpy3ArcticAntics.Slave
Spy Who Loved Me, The	S/Spy Who Loved Me. The	A-Games:S/SpyWhoLovedMe/SpyWhoLovedMe.Slave
Stack Up	S/Stack Up	A-Games:S/StackUp/StackUp.Slave
Starbirds	S/Starbirds	A-Games:S/Starbirds/Starbirds.Slave
Starblaze	S/Starblaze	A-Games:S/Starblaze/Starblaze.slave
Starglider	S/Starglider	A-Games:S/Starglider/Starglider.Slave
Star Goose!	S/Star Goose	A-Games:S/StarGoose/StarGoose.Slave
Starians	S/Starians	A-Games:S/Starians/Starians.slave
StarTrash	S/StarTrash	A-Games:S/StarTrash/StarTrash.slave
Starush Files	S/Starush Files	A-Games:S/StarushFiles/StarushFiles.Slave
Starush Image	S/Starush Image	A-Games:S/StarushImage/StarushImage.Slave
Steel	S/Steel	A-Games:S/Steel/Steel.Slave
Steg the Slug	S/Steg the Slug	A-Games:S/StegTheSlug/StegTheSlug.slave
Steigar	S/Steigar	A-Games:S/Steigar/Steigar.Slave
Stormball	S/Stormball	A-Games:S/Stormball/Stormball.Slave
Stormlord	S/Stormlord	A-Games:S/Stormlord/Stormlord.Slave
Stormlord NTSC	S/Stormlord NTSC	A-Games:S/StormlordNTSC/StormlordNTSC.Slave
Stormlord Prerelease	S/Stormlord Prerelease	A-Games:S/StormlordPrerelease/StormlordPrerelease.Slave
Stratego	S/Stratego	A-Games:S/Stratego/Stratego.Slave
Street Gang	S/Street Gang	A-Games:S/StreetGang/StreetGang.slave
Strider	S/Strider	A-Games:S/Strider/Strider.Slave
Strider II	S/Strider II	A-Games:S/Strider2/Strider2.Slave
Strike Aces NTSC	S/Strike Aces NTSC	A-Games:S/StrikeAcesNTSC/StrikeAcesNTSC.Slave
Stryx	S/Stryx	A-Games:S/Stryx/Stryx.Slave
Stunt Car Racer (Beta/Unreleased)	S/Stunt Car Racer BetaUnrele	A-Beta:S/StuntCarRacer/StuntCarRacer.slave
Stunt Car Racer	S/Stunt Car Racer	A-Games:S/StuntCarRacer/StuntCarRacer.Slave
Stunt Car Racer	S/Stunt Car Racer 	A-Games:S/StuntCarRacerTNT/StuntCarRacerTNT.Slave
Stunt Car Racer (Beta/Unreleased)	S/Stunt Car Racer BetaUnr V2	A-Beta:S/StuntCarRacerTNT/StuntCarRacerTNT.slave
Stunt Track Racer NTSC	S/Stunt Track Racer NTSC	A-Games:S/StuntTrackRacerNTSC/StuntTrackRacerNTSC.Slave
Subbuteo: The Computer Game	S/Subbuteo The Computer Game	A-Games:S/Subbuteo/Subbuteo.Slave
Suburban Commando	S/Suburban Commando	A-Games:S/SuburbanCommando/SuburbanCommando.Slave
Summer Camp	S/Summer Camp	A-Games:S/SummerCamp/SummerCamp.Slave
Summer Challenge	S/Summer Challenge	A-Games:S/SummerChallenge/SummerChallenge.Slave
Summer Games	S/Summer Games	A-Games:S/SummerGames/SummerGames.slave
Summer Games SummerGames2	S/Summer Games SummerGames2	A-Games:S/SummerGames&SummerGames2/SummerGames&SummerGames2.slave
Summer Games II	S/Summer Games II	A-Games:S/SummerGames2/SummerGames2.slave
Summer Olympiad	S/Summer Olympiad	A-Games:S/SummerOlympiad/SummerOlympiad.Slave
Supaplex	S/Supaplex	A-Games:S/Supaplex/Supaplex.Slave
Super Cars 1Disk	S/Super Cars 1Disk	A-Games:S/SuperCars1Disk/SuperCars1Disk.Slave
Super Cars II	S/Super Cars II	A-Games:S/SuperCars2/SuperCars2.slave
Super Cars 2Disk	S/Super Cars 2Disk	A-Games:S/SuperCars2Disk/SuperCars2Disk.Slave
Super Cauldron	S/Super Cauldron	A-Games:S/SuperCauldron/SuperCauldron.Slave
Super Grand Prix	S/Super Grand Prix	A-Games:S/SuperGrandPrix/SuperGrandPrix.Slave
Grid Runner	G/Grid Runner	A-Games:S/SuperGridRunner/SuperGridRunner.Slave
Superman: The Man of Steel	S/Superman The Man of Steel	A-Games:S/Superman/Superman.Slave
Super Monaco GP (Beta/Unreleased)	S/Super Monaco GP BetaUnrele	A-Beta:S/SuperMonacoGP/SuperMonacoGP.Slave
Super Monaco GP	S/Super Monaco GP	A-Games:S/SuperMonacoGP/SuperMonacoGP.slave
Super Scramble Simulator	S/Super Scramble Simulator	A-Games:S/SuperScrambleSimulator/SuperScrambleSimulator.slave
Super Seymour	S/Super Seymour	A-Games:S/SuperSeymourSavesPlanet/SuperSeymourSavesPlanet.slave
Super Skweek 512KB	S/Super Skweek 512KB	A-Games:S/SuperSkweek512KB/SuperSkweek512KB.Slave
Super Space Invaders	S/Super Space Invaders	A-Games:S/SuperSpaceInvaders/SuperSpaceInvaders.slave
Super Space Invaders NTSC	S/Super Space Invaders NTSC	A-Games:S/SuperSpaceInvadersNTSC/SuperSpaceInvadersNTSC.slave
Supremacy	S/Supremacy	A-Games:S/Supremacy/Supremacy.Slave
Switchblade	S/Switchblade	A-Games:S/Switchblade/Switchblade.Slave
Switchblade II	S/Switchblade II	A-Games:S/Switchblade2/Switchblade2.slave
Sword & The Rose, The	S/Sword The Rose. The	A-Games:S/Sword&TheRose/Sword&TheRose.slave
Sword of Honour	S/Sword of Honour	A-Games:S/SwordOfHonour/SwordOfHonour.slave
Sword of Sodan	S/Sword of Sodan	A-Games:S/SwordOfSodan/SwordOfSodan.Slave
Swords & Galleons	S/Swords Galleons	A-Games:S/Swords&Galleons/Swords&Galleons.slave
T-Bird	T/T-Bird	A-Games:T/TBird/TBird.Slave
Team Suzuki	T/Team Suzuki	A-Games:T/TeamSuzuki/TeamSuzuki.Slave
Tearaway Thomas	T/Tearaway Thomas	A-Games:T/TearawayThomas/TearawayThomas.slave
Tecnoball	T/Tecnoball	A-Games:T/Tecnoball/Tecnoball.slave
Teenage Mutant Hero Turtles	T/Teenage Mutant Hero Turtle	A-Games:T/TeenageMtntHeroTurtles/TeenageMtntHeroTurtles.Slave
Teenage Mutant Hero Turtles	T/Teenage Mutant Hero Tur V2	A-Games:T/TeenageMtntHeroTurtlesCOp/TeenageMtntHeroTurtlesCOp.slave
Brain Blasters, The FR	B/Brain Blasters. The FR	A-Games:T/TellerFr/TellerFr.Slave
Tennis Cup II	T/Tennis Cup II	A-Games:T/TennisCup2/TennisCup2.slave
Tennis Cup 512KB	T/Tennis Cup 512KB	A-Games:T/TennisCup512Kb/TennisCup512Kb.Slave
Tennis Cup FR 512KB	T/Tennis Cup FR 512KB	A-Games:T/TennisCup512KbFr/TennisCup512KbFr.Slave
Terramex	T/Terramex	A-Games:T/Terramex/Terramex.Slave
Terrorpods	T/Terrorpods	A-Games:T/Terrorpods/Terrorpods.Slave
Terry's Big Adventure	T/Terrys Big Adventure	A-Games:T/TerrysBigAdventure/TerrysBigAdventure.Slave
Tetra Quest	T/Tetra Quest	A-Games:T/TetraQuest/TetraQuest.slave
Tetrix	T/Tetrix	A-Games:T/Tetrix/Tetrix.Slave
Theme Park Mystery	T/Theme Park Mystery	A-Games:T/ThemeParkMystery/ThemeParkMystery.slave
Theme Park Mystery NTSC	T/Theme Park Mystery NTSC	A-Games:T/ThemeParkMysteryNTSC/ThemeParkMysteryNTSC.slave
Thomas the Tank Engine	T/Thomas the Tank Engine	A-Games:T/ThomasTheTankEngine/ThomasTheTankEngine.Slave
Thomas the Tank Engine 2	T/Thomas the Tank Engine 2	A-Games:T/ThomasTheTankEngine2/ThomasTheTankEngine2.slave
Thunderbirds	T/Thunderbirds	A-Games:T/Thunderbirds/Thunderbirds.slave
Thunder Blade	T/Thunder Blade	A-Games:T/ThunderBlade/ThunderBlade.Slave
Thunder Blade NTSC	T/Thunder Blade NTSC	A-Games:T/ThunderBladeNTSC/ThunderBladeNTSC.Slave
Thunder Burner	T/Thunder Burner	A-Games:T/ThunderBurner/ThunderBurner.Slave
ThunderCats	T/ThunderCats	A-Games:T/ThunderCats/ThunderCats.slave
Thunderstrike	T/Thunderstrike	A-Games:T/ThunderStrike/ThunderStrike.slave
Tie-Break	T/Tie-Break	A-Games:T/TieBreak/TieBreak.Slave
Tiger Road	T/Tiger Road	A-Games:T/TigerRoad/TigerRoad.Slave
Time Bandit	T/Time Bandit	A-Games:T/TimeBandit/TimeBandit.slave
Time Lock	T/Time Lock	A-Games:T/TimeLock/TimeLock.slave
Time Machine	T/Time Machine	A-Games:T/TimeMachine/TimeMachine.Slave
Time Soldier	T/Time Soldier	A-Games:T/TimeSoldier/TimeSoldier.Slave
Tiny Skweeks	T/Tiny Skweeks	A-Games:T/TinySkweeks/TinySkweeks.Slave
Tip Off	T/Tip Off	A-Games:T/TipOff/TipOff.Slave
Tip Off IT FR ES DE	T/Tip Off IT FR ES DE	A-Games:T/TipOffDeEsFrIt/TipOffDeEsFrIt.Slave
Tip Off NTSC	T/Tip Off NTSC	A-Games:T/TipOffNTSC/TipOffNTSC.Slave
Titan	T/Titan	A-Games:T/Titan/Titan.slave
Titanic Blinky	T/Titanic Blinky	A-Games:T/TitanicBlinky/TitanicBlinky.Slave
Toki	T/Toki	A-Games:T/Toki/Toki.slave
Tommy Gun	T/Tommy Gun	A-Games:T/TommyGun/TommyGun.Slave
Toobin'	T/Toobin	A-Games:T/Toobin/Toobin.Slave
Top Cat	T/Top Cat	A-Games:T/TopCat/TopCat.Slave
Top Secret	T/Top Secret	A-Games:T/TopSecret/TopSecret.Slave
Torvak the Warrior	T/Torvak the Warrior	A-Games:T/TorvakTheWarrior/TorvakTheWarrior.slave
Total Recall Files	T/Total Recall Files	A-Games:T/TotalRecallFiles/TotalRecallFiles.Slave
Total Recall Image	T/Total Recall Image	A-Games:T/TotalRecallImage/TotalRecallImage.Slave
Tournament Golf	T/Tournament Golf	A-Games:T/TournamentGolf/TournamentGolf.Slave
Tower of Babel	T/Tower of Babel	A-Games:T/TowerOfBabel/TowerOfBabel.Slave
Tower Toppler NTSC	T/Tower Toppler NTSC	A-Games:T/TowerTopplerNTSC/TowerTopplerNTSC.Slave
Celica GT Rally	C/Celica GT Rally	A-Games:T/ToyotaCelicaGTRally/ToyotaCelicaGTRally.Slave
Tracker	T/Tracker	A-Games:T/Tracker/Tracker.Slave
Trained Assassin	T/Trained Assassin	A-Games:T/TrainedAssassin/TrainedAssassin.Slave
Transplant	T/Transplant	A-Games:T/Transplant/Transplant.Slave
Treasure Island Dizzy	T/Treasure Island Dizzy	A-Games:T/TreasureIslandDizzy/TreasureIslandDizzy.slave
Treasure Trap	T/Treasure Trap	A-Games:T/TreasureTrap/TreasureTrap.slave
Troddlers Files	T/Troddlers Files	A-Games:T/TroddlersFiles/TroddlersFiles.Slave
Troddlers Image	T/Troddlers Image	A-Games:T/TroddlersImage/TroddlersImage.Slave
Trog	T/Trog	A-Games:T/Trog/Trog.Slave
Turbo Out Run	T/Turbo Out Run	A-Games:T/TurboOutRun/TurboOutRun.Slave
Turn n' Burn	T/Turn n Burn	A-Games:T/TurnNBurn/TurnNBurn.slave
Turrican	T/Turrican	A-Games:T/Turrican/Turrican.Slave
Turrican 3	T/Turrican 3	A-Games:T/Turrican3/Turrican3.Slave
Turrican CDTV	T/Turrican CDTV	A-Games:T/TurricanCDTV/TurricanCDTV.Slave
Turrican Demo	T/Turrican Demo	A-Games:T/TurricanDemo/TurricanDemo.Slave
Turrican NTSC	T/Turrican NTSC	A-Games:T/TurricanNTSC/TurricanNTSC.Slave
Tusker	T/Tusker	A-Games:T/Tusker/Tusker.Slave
Twintris	T/Twintris	A-Games:T/Twintris/Twintris.Slave
Twin Turbos	T/Twin Turbos	A-Games:T/TwinTurbos/TwinTurbos.slave
Twinworld: Land of Vision	T/Twinworld Land of Vision	A-Games:T/TwinWorld/Twinworld.slave
Typhoon Thompson in Search for the Sea Child 512K NTSC	T/Typhoon Thompson in Search	A-Games:T/TyphoonThompson512kNTSC/TyphoonThompson512kNTSC.slave
Ultima V: Warriors of Destiny	U/Ultima V Warriors of Desti	A-Games:U/Ultima5/Ultima5.Slave
Greg Norman's Ultimate Golf	G/Greg Normans Ultimate Golf	A-Games:U/UltimateGolf/UltimateGolf.slave
Ultimate Pinball Quest, The	U/Ultimate Pinball Quest. Th	A-Games:U/UltimatePinballQuest/UltimatePinballQuest.slave
Ultimate Ride, The	U/Ultimate Ride. The	A-Games:U/UltimateRide/UltimateRide.slave
Universal Warrior	U/Universal Warrior	A-Games:U/UniversalWarrior/UniversalWarrior.Slave
Unsensible Soccer	U/Unsensible Soccer	A-Games:U/UnsensibleSoccer/UnsensibleSoccer.Slave
UN Squadron	U/UN Squadron	A-Games:U/UNSquadron/UNSquadron.slave
UN Squadron (Beta/Unreleased)	U/UN Squadron BetaUnrelea V2	A-Beta:U/UNSquadronEarok/UNSquadronEarok.slave
Untouchables, The	U/Untouchables. The	A-Games:U/Untouchables/Untouchables.Slave
Untouchables, The (Beta/Unreleased)	U/Untouchables. The BetaUnre	A-Beta:U/UntouchablesSE/UntouchablesSE.Slave
Vac-Suit Jack Demo	V/Vac-Suit Jack Demo	A-Games:V/VacSuitJackDemo/VacSuitJackDemo.Slave
Vampire's Empire	V/Vampires Empire	A-Games:V/VampiresEmpire/VampiresEmpire.Slave
Vaxine	V/Vaxine	A-Games:V/Vaxine/Vaxine.Slave
Vectorball	V/Vectorball	A-Games:V/Vectorball/Vectorball.Slave
Venom Wing	V/Venom Wing	A-Games:V/VenomWing/VenomWing.Slave
Venus: The Flytrap	V/Venus The Flytrap	A-Games:V/VenusTheFlytrap/VenusTheFlytrap.Slave
Venus: The Flytrap NoIntro	V/Venus The Flytrap NoIntro	A-Games:V/VenusTheFlytrapNoIntro/VenusTheFlytrapNoIntro.Slave
Viaje al Centro de la Tierra ES	V/Viaje al Centro de la Tier	A-Games:V/ViajeAlCentroDeLaTierraEs/ViajeAlCentroDeLaTierraEs.slave
Viaje al Centro de la Tierra .old ES	V/Viaje al Centro de la T V2	A-Games:V/ViajeAlCentroDeLaTierraEs/ViajeAlCentroDeLaTierraEs.old
Victory Road	V/Victory Road	A-Games:V/VictoryRoad/VictoryRoad.slave
Vigilante	V/Vigilante	A-Games:V/Vigilante/Vigilante.Slave
Vindex	V/Vindex	A-Games:V/Vindex/Vindex.Slave
Vindicators	V/Vindicators	A-Games:V/Vindicators/Vindicators.Slave
Violator	V/Violator	A-Games:V/Violator/Violator.Slave
Virus	V/Virus	A-Games:V/Virus/Virus.slave
Vixen	V/Vixen	A-Games:V/Vixen/Vixen.slave
Viz	V/Viz	A-Games:V/Viz/Viz.Slave
Voodoo Nightmare	V/Voodoo Nightmare	A-Games:V/VoodooNightmare/VoodooNightmare.Slave
Vortex NTSC	V/Vortex NTSC	A-Games:V/VortexNTSC/VortexNTSC.Slave
Voyager	V/Voyager	A-Games:V/Voyager/Voyager.slave
Vroom	V/Vroom	A-Games:V/Vroom/Vroom.Slave
Vroom DataDisk	V/Vroom DataDisk	A-Games:V/Vroom&DataDisk/DataDisk.Slave
Vroom DataDisk	V/Vroom DataDisk 	A-Games:V/Vroom&DataDisk/Vroom.Slave
Vroom Multi-Player	V/Vroom Multi-Player	A-Games:V/VroomMultiPlayer/VroomMultiplayer.Slave
Vyrus	V/Vyrus	A-Games:V/Vyrus/Vyrus.Slave
Wacky Races	W/Wacky Races	A-Games:W/WackyRaces/WackyRaces.Slave
Wanderer 3D	W/Wanderer 3D	A-Games:W/Wanderer3D/Wanderer3D.Slave
Wanted	W/Wanted	A-Games:W/Wanted/Wanted.Slave
Warhead	W/Warhead	A-Games:W/Warhead/Warhead.Slave
Warlock: The Avenger	W/Warlock The Avenger	A-Games:W/WarlockTheAvenger/WarlockTheAvenger.Slave
Warp	W/Warp	A-Games:W/Warp/Warp.slave
War Zone	W/War Zone	A-Games:W/WarZoneCoreDesign/WarzoneCoreDesign.slave
War Zone	W/War Zone 	A-Games:W/WarZoneParadox/WarzoneParadox.Slave
The Way Of The Little Dragon	T/The Way Of The Little Drag	A-Games:W/WayOfTheLittleDragon/WayOfTheLittleDragon.Slave
The Way Of The Little Dragon	T/The Way Of The Little D V2	A-Games:W/WayOfTheLittleDragonAStar/WayOfTheLittleDragonAStar.Slave
Western Games	W/Western Games	A-Games:W/WesternGames/WesternGames.Slave
Whirligig	W/Whirligig	A-Games:W/Whirligig/Whirligig.Slave
Wibble World Giddy: Wibble Mania!	W/Wibble World Giddy Wibble	A-Games:W/WibbleWorldGiddy/WibbleWorldGiddy.Slave
Wicked	W/Wicked	A-Games:W/Wicked/Wicked.slave
Wild Streets	W/Wild Streets	A-Games:W/WildStreets/WildStreets.slave
Window Wizard Files	W/Window Wizard Files	A-Games:W/WindowWizardFiles/WindowWizardFiles.Slave
Window Wizard Image	W/Window Wizard Image	A-Games:W/WindowWizardImage/WindowWizardImage.Slave
Wings of Death	W/Wings of Death	A-Games:W/WingsOfDeath/WingsOfDeath.Slave
Winter Camp	W/Winter Camp	A-Games:W/WinterCamp/WinterCamp.Slave
Winter Supersports 92	W/Winter Supersports 92	A-Games:W/WinterSupersports92/WinterSupersports92.Slave
Wipe Out	W/Wipe Out	A-Games:W/WipeOut/WipeOut.slave
Wizball	W/Wizball	A-Games:W/Wizball/Wizball.Slave
Wolfchild	W/Wolfchild	A-Games:W/Wolfchild/Wolfchild.slave
Wonderboy in Monsterland	W/Wonderboy in Monsterland	A-Games:W/WonderboyInMonsterland/WonderboyInMonsterland.Slave
Wonderboy in Monsterland (Beta/Unreleased)	W/Wonderboy in Monsterland B	A-Beta:W/WonderboyInMonsterlandSE/WonderboyInMonsterlandSE.Slave
World Championship Boxing Manager	W/World Championship Boxing	A-Games:W/WorldChampBoxingManager/WorldChampBoxingManager.Slave
World Class Rugby	W/World Class Rugby	A-Games:W/WorldClassRugby/WorldClassRugby.Slave
World Class Rugby: Five Nations Edition	W/World Class Rugby Five Nat	A-Games:W/WorldClassRugby5Nations/WorldClassRugby5Nations.Slave
World Class Rugby '95	W/World Class Rugby 95	A-Games:W/WorldClassRugby95/WorldClassRugby95.Slave
Italy '90 Soccer	I/Italy 90 Soccer	A-Games:W/WorldClassSoccer/WorldClassSoccer.slave
World Rugby	W/World Rugby	A-Games:W/WorldRugby/WorldRugby.Slave
World Soccer	W/World Soccer	A-Games:W/WorldSoccer/WorldSoccer.Slave
Worlds of Legend: Son of the Empire	W/Worlds of Legend Son of th	A-Games:W/WorldsOfLegend/WorldsOfLegend.slave
Wrath of the Demon	W/Wrath of the Demon	A-Games:W/WrathOfTheDemon/WrathOfTheDemon.Slave
Wreckers	W/Wreckers	A-Games:W/Wreckers/Wreckers.Slave
WWF WrestleMania	W/WWF WrestleMania	A-Games:W/WWFWrestleMania/WWFWrestlemania.slave
Xenomorph	X/Xenomorph	A-Games:X/Xenomorph/Xenomorph.slave
Xenon	X/Xenon	A-Games:X/Xenon/Xenon.slave
Xenon 2: Megablast 1Disk	X/Xenon 2 Megablast 1Disk	A-Games:X/Xenon21Disk/Xenon21Disk.Slave
Xenon 2: Megablast 2Disk	X/Xenon 2 Megablast 2Disk	A-Games:X/Xenon22Disk/Xenon22Disk.Slave
Xenon 2: Megablast Demo	X/Xenon 2 Megablast Demo	A-Games:X/Xenon2Demo/Xenon2Demo.Slave
Xenon 2: Megablast NTSC	X/Xenon 2 Megablast NTSC	A-Games:X/Xenon2NTSC/Xenon2NTSC.Slave
Xenophobe	X/Xenophobe	A-Games:X/Xenophobe/Xenophobe.slave
XR-35 Fighter Mission	X/XR-35 Fighter Mission	A-Games:X/XR35/XR35.Slave
Xybots	X/Xybots	A-Games:X/Xybots/Xybots.Slave
Yogi Bear and Friends in the Greed Monster	Y/Yogi Bear and Friends in t	A-Games:Y/YogiBear&Friends/YogiBear&Friends.Slave
Yogi's Big Clean Up	Y/Yogis Big Clean Up	A-Games:Y/YogisBigCleanUp/YogisBigCleanUp.Slave
Yogi's Great Escape	Y/Yogis Great Escape	A-Games:Y/YogisGreatEscape/YogisGreatEscape.Slave
Yolanda Files	Y/Yolanda Files	A-Games:Y/YolandaFiles/YolandaFiles.Slave
Yolanda Image	Y/Yolanda Image	A-Games:Y/YolandaImage/YolandaImage.Slave
Zany Golf NTSC	Z/Zany Golf NTSC	A-Games:Z/ZanyGolfNTSC/ZanyGolfNTSC.slave
Zarathrusta	Z/Zarathrusta	A-Games:Z/Zarathrusta/Zarathrusta.slave
Zaxxon 512KB	Z/Zaxxon 512KB	A-Games:Z/Zaxxon512KB/Zaxxon512KB.Slave
Ziriax	Z/Ziriax	A-Games:Z/Ziriax/Ziriax.slave
Ziriax (Beta/Unreleased)	Z/Ziriax BetaUnreleased	A-Beta:Z/ZiriaxUltimateEdition/ZiriaxUltimateEdition.slave
Zone Warrior	Z/Zone Warrior	A-Games:Z/ZoneWarrior/ZoneWarrior.slave
Zoom!	Z/Zoom	A-Games:Z/Zoom/Zoom.Slave
Z-Out	Z/Z-Out	A-Games:Z/ZOut/ZOut.slave
Zyconix	Z/Zyconix	A-Games:Z/Zyconix/Zyconix.Slave
Zynaps	Z/Zynaps	A-Games:Z/Zynaps/Zynaps.slave