Baal
Baby Jo in 'Going Home'
Backlash
Back to the Future Part III
Back to the Future Part II
Bad Company
Bad Dudes vs. Dragonninja NTSC
Bad Dudes vs. Dragonninja
BadLands
Badlands Pete
Ball Game, The
Ballistix
Bangkok Knights
Banzai
Barbarian II
B.A.T.
Batman: The Caped Crusader
Batman: The Movie 2Disk
Battle Bound
Battle Command
Battleships
Battle Squadron
Battle Valley
BC Kid
Beach Volley
Beast Busters
Beavers
Belial
Betrayal
Beverly Hills Cop
Beyond the Ice Palace
Big Nose the Caveman
Big Run
Bionic Commando
Biplane Duel
Black Hornet
Black Lamp
Blades of Steel
Blade Warrior
Blasteroids
Blazing Thunder
Blinky's Scary School
Blood Money
Bloodwych
Bloodwych ExtendedLevels
Bloodwych ExtendedLevels
Blue Angel 69
Blues Brothers, The
BMX Simulator
Bob's Garden
Bomb Fusion
Bomb Jack
Bombuzal
Bonanza Bros
Botics
Brainball
Brain Blasters, The
Brat
Brataccas
Brides of Dracula
Bubble Bobble
Bubble Gun
Buffalo Bill's Wild West Show
Bug Bash
Buggy Boy