Werner Flaschbier
Wacky Races
Wanderer 3D
Wanted
Warhead
Warlock: The Avenger
Warp
War Zone
War Zone
War Zone
Western Games
Whirligig
Wibble World Giddy: Wibble Mania!
Wicked
Wild Streets
Window Wizard Image
Wings of Death
Winter Camp
Winter Supersports 92
Wizball
Wolfchild
Wonderboy in Monsterland
World Championship Boxing Manager
World Class Rugby
World Class Rugby: Five Nations Edition
World Class Rugby '95
World Rugby
World Soccer
Worlds of Legend: Son of the Empire
Wrath of the Demon
Wreckers
WWF WrestleMania