Daley Thompson's Olympic Challenge 2Disk
Damocles - Mercenary II
Dan Dare III: The Escape
Dark Fusion
Darkman
DarkSpyre
Datastorm
Days of Thunder
Death Trap
Deep, The
Deep Space
Defender II
Defenders of the Earth
Deflektor
Demon Blue
Denaris 2Disk
Devious Designs
Dick Tracy
Die Hard 2: Die Harder
Digger
Dinosaur Detective Agency
Dino Wars
Discovery: In The Steps of Columbus
Ditris
Dizzy Collection Disk2
Dizzy Dice
Dizzy Panic
Dizzy's Excellent Adventures Disk2
Dogs of War
Dominator
Donkey Kong
Doodlebug
Doofus
Double Dragon
Double Dragon II: The Revenge
Double Dragon 3: The Rosetta Stone
Double Dribble
Dragon Breed
Dragonflight
DragonScape
Dragon's Kingdom Demo
Dragon's Lair II: Time Warp
Dragon's Lair III: The Curse of Mordread
Dragon Spirit
Dragon Tiles
Drivin' Force
Dr. Mario
Dux
Dyna Blaster
Dynamite Düx
Dynasty Wars
Dyter-07
Do! Run Run Image