Halley Project, The: A Mission In Our Solar System
Hammer Boy
Hammerfist
Hard 'n' Heavy
Harlequin 512KB
Harley-Davidson
H.A.T.E.: Hostile All Terrain Encounter
Hawkeye
Head Over Heels
Heavy Metal
Heavy Metal Heroes
Hellbent
Hellfire Attack
Hellraider
Hell Raisers
Helter Skelter
Heroes of the Lance
HeroQuest
HeroQuest
High Steel
Hill Street Blues
Hollywood Poker
Hollywood Poker Pro
Hong Kong Phooey
Horror Zombies from the Crypt
Hostile Breed
Hot Rod
Hotshot
Huckleberry Hound in Hollywood Capers
Hudson Hawk
Human Killing Machine
Humans 2: The Jurassic Levels
Hunter
Hunt for Red October, The
Hybris
Hydra
Hyperdome
Hyperion