Race Drivin'
Rackney's Island
Rainbow Islands
Rainbow Warrior
Rally Cross Challenge
Rambo III
Rampage
Rat Trap
R.B.I. 2 Baseball
Real Ghostbusters, The
Realms
Real Popeye, The
Rebellion
Red Heat
Reflexity: Pinball Challenge
Renegade
Renegades Deluxe Editor
Resolution 101
Return to Genesis
Revelation!
Revenge of Defender
Revenge of the Mutant Camels
Revenge of the Mutant Camels II
Rick Dangerous
Rick Dangerous II
Rick Dangerous II
Risky Woods
RoadBlasters
Roadwars
Robbeary
Robin Hood: Legend Quest
RoboCop
RoboCop 2
Robotnic
Rockford
Rodland
Rogue Trooper
RollerCoaster Rumbler
Roll or Die
Rome AD92: The Pathway To Power
Rotor
Rotox
Round the Bend!
R-Type
R-Type II
Ruff and Reddy in the Space Adventure
Rugby: The World Cup
Running Man, The
Run the Gauntlet
Rushhour
RVF Honda