The Cartoons
The Four Crystals of Trazere getlegendsavedisk
The Four Crystals of Trazere
The Games: Summer Edition
The Hellrun Machine
The North Sea Inferno
The Paranoia Complex
T-Bird
Team Suzuki
Tearaway Thomas
Tecnoball
Teenage Mutant Hero Turtles
Teenage Mutant Hero Turtles
Teller, The
Tennis Cup 512KB
Terramex
Terrorpods
Terry's Big Adventure
Tetra Quest
Tetrix
Theme Park Mystery
Thomas the Tank Engine
Thomas the Tank Engine 2
Thunderbirds
Thunder Blade
Thunder Burner
Thunderstrike
Tie-Break
Tiger Road
Time Bandit
Time Lock
Time Machine
Time Soldier
Tiny Skweeks
Tip Off
Titan
Titanic Blinky
Toki
Tommy Gun
Toobin'
Top Cat
Top Secret
Torvak the Warrior
Total Recall Image
Tournament Golf
Tower of Babel
Tower Toppler
Tracker
Trained Assassin
Transplant
Treasure Island Dizzy
Treasure Trap
Troddlers
Trog
Turbo Out Run
Turn n' Burn
Turrican
Turrican II
Turrican 3
Tusker
Twintris
Twin Turbos
Twinworld: Land of Vision
The Way Of The Little Dragon
The Way Of The Little Dragon